#
# There is insufficient memory for the Java Runtime Environment to continue.
# Native memory allocation (malloc) failed to allocate 1102576 bytes for Chunk::new
# Possible reasons:
#   The system is out of physical RAM or swap space
#   The process is running with CompressedOops enabled, and the Java Heap may be blocking the growth of the native heap
# Possible solutions:
#   Reduce memory load on the system
#   Increase physical memory or swap space
#   Check if swap backing store is full
#   Decrease Java heap size (-Xmx/-Xms)
#   Decrease number of Java threads
#   Decrease Java thread stack sizes (-Xss)
#   Set larger code cache with -XX:ReservedCodeCacheSize=
#   JVM is running with Unscaled Compressed Oops mode in which the Java heap is
#     placed in the first 4GB address space. The Java Heap base address is the
#     maximum limit for the native heap growth. Please use -XX:HeapBaseMinAddress
#     to set the Java Heap base and to place the Java Heap above 4GB virtual address.
# This output file may be truncated or incomplete.
#
#  Out of Memory Error (./src/hotspot/share/memory/arena.cpp:197), pid=6568, tid=8328
#
# JRE version: OpenJDK Runtime Environment (11.0.10) (build 11.0.10+0-b96-7249189)
# Java VM: OpenJDK 64-Bit Server VM (11.0.10+0-b96-7249189, mixed mode, tiered, compressed oops, g1 gc, windows-amd64)
# No core dump will be written. Minidumps are not enabled by default on client versions of Windows
#

---------------  S U M M A R Y ------------

Command Line: --add-opens=java.base/java.util=ALL-UNNAMED --add-opens=java.base/java.lang=ALL-UNNAMED --add-opens=java.base/java.lang.invoke=ALL-UNNAMED --add-opens=java.base/java.util=ALL-UNNAMED --add-opens=java.prefs/java.util.prefs=ALL-UNNAMED --add-opens=java.prefs/java.util.prefs=ALL-UNNAMED --add-opens=java.base/java.nio.charset=ALL-UNNAMED --add-opens=java.base/java.net=ALL-UNNAMED --add-opens=java.base/java.util.concurrent.atomic=ALL-UNNAMED -Xmx2048m -Dfile.encoding=UTF-8 -Duser.country=RU -Duser.language=ru -Duser.variant org.gradle.launcher.daemon.bootstrap.GradleDaemon 7.0.2

Host: AMD Athlon(tm) II X2 240 Processor, 2 cores, 7G,  Windows 10 , 64 bit Build 17763 (10.0.17763.1)
Time: Sat Jun  3 15:26:18 2023 RTZ 4 (ceia) elapsed time: 758.554077 seconds (0d 0h 12m 38s)

---------------  T H R E A D  ---------------

Current thread (0x0000021a55ea1000):  JavaThread "C2 CompilerThread0" daemon [_thread_in_native, id=8328, stack(0x000000cd22b00000,0x000000cd22c00000)]


Current CompileTask:
C2: 758554 16566       4       org.gradle.api.internal.artifacts.ModuleComponentSelectorSerializer::read (50 bytes)

Stack: [0x000000cd22b00000,0x000000cd22c00000]
Native frames: (J=compiled Java code, j=interpreted, Vv=VM code, C=native code)
V  [jvm.dll+0x5ecfaa]
V  [jvm.dll+0x722bd5]
V  [jvm.dll+0x72412d]
V  [jvm.dll+0x7247e3]
V  [jvm.dll+0x242928]
V  [jvm.dll+0xbc4fc]
V  [jvm.dll+0xbca0c]
V  [jvm.dll+0x352d3b]
V  [jvm.dll+0x320ad3]
V  [jvm.dll+0x31ffca]
V  [jvm.dll+0x1fb602]
V  [jvm.dll+0x1fa7f4]
V  [jvm.dll+0x18354c]
V  [jvm.dll+0x208ee7]
V  [jvm.dll+0x207731]
V  [jvm.dll+0x6eb1cf]
V  [jvm.dll+0x6e3d45]
V  [jvm.dll+0x5ebe96]
C  [ucrtbase.dll+0x203ba]
C  [KERNEL32.DLL+0x17e94]
C  [ntdll.dll+0x67ad1]


---------------  P R O C E S S  ---------------

Threads class SMR info:
_java_thread_list=0x0000021a60910eb0, length=43, elements={
0x0000021a3be00000, 0x0000021a5550a800, 0x0000021a55516800, 0x0000021a55e98000,
0x0000021a55e9b000, 0x0000021a55e9e000, 0x0000021a55ea1000, 0x0000021a55524000,
0x0000021a55ee9800, 0x0000021a55fd5000, 0x0000021a56e74000, 0x0000021a576f8800,
0x0000021a5614a800, 0x0000021a57efa000, 0x0000021a57ef6800, 0x0000021a57ef7800,
0x0000021a57ef8000, 0x0000021a57ef9000, 0x0000021a58927000, 0x0000021a58923800,
0x0000021a58922800, 0x0000021a58927800, 0x0000021a5892e000, 0x0000021a58930800,
0x0000021a5d127800, 0x0000021a5d122000, 0x0000021a5d124000, 0x0000021a5d126000,
0x0000021a5d126800, 0x0000021a5d125000, 0x0000021a5d128800, 0x0000021a5d122800,
0x0000021a5d129000, 0x0000021a5d123800, 0x0000021a5d12e000, 0x0000021a5d12a800,
0x0000021a5d12a000, 0x0000021a5d12c800, 0x0000021a5d12b800, 0x0000021a5d12f800,
0x0000021a5d12f000, 0x0000021a5d12d000, 0x0000021a5d130800
}

Java Threads: ( => current thread )
  0x0000021a3be00000 JavaThread "main" [_thread_blocked, id=6668, stack(0x000000cd21f00000,0x000000cd22000000)]
  0x0000021a5550a800 JavaThread "Reference Handler" daemon [_thread_blocked, id=5064, stack(0x000000cd22600000,0x000000cd22700000)]
  0x0000021a55516800 JavaThread "Finalizer" daemon [_thread_blocked, id=7568, stack(0x000000cd22700000,0x000000cd22800000)]
  0x0000021a55e98000 JavaThread "Signal Dispatcher" daemon [_thread_blocked, id=6436, stack(0x000000cd22800000,0x000000cd22900000)]
  0x0000021a55e9b000 JavaThread "Attach Listener" daemon [_thread_blocked, id=6136, stack(0x000000cd22900000,0x000000cd22a00000)]
  0x0000021a55e9e000 JavaThread "Service Thread" daemon [_thread_blocked, id=1852, stack(0x000000cd22a00000,0x000000cd22b00000)]
=>0x0000021a55ea1000 JavaThread "C2 CompilerThread0" daemon [_thread_in_native, id=8328, stack(0x000000cd22b00000,0x000000cd22c00000)]
  0x0000021a55524000 JavaThread "C1 CompilerThread0" daemon [_thread_blocked, id=5776, stack(0x000000cd22c00000,0x000000cd22d00000)]
  0x0000021a55ee9800 JavaThread "Sweeper thread" daemon [_thread_blocked, id=10652, stack(0x000000cd22d00000,0x000000cd22e00000)]
  0x0000021a55fd5000 JavaThread "Common-Cleaner" daemon [_thread_blocked, id=7536, stack(0x000000cd22e00000,0x000000cd22f00000)]
  0x0000021a56e74000 JavaThread "Daemon health stats" [_thread_blocked, id=9732, stack(0x000000cd23100000,0x000000cd23200000)]
  0x0000021a576f8800 JavaThread "Incoming local TCP Connector on port 60579" [_thread_in_native, id=2648, stack(0x000000cd23200000,0x000000cd23300000)]
  0x0000021a5614a800 JavaThread "Daemon periodic checks" [_thread_blocked, id=9140, stack(0x000000cd23500000,0x000000cd23600000)]
  0x0000021a57efa000 JavaThread "Cache worker for file hash cache (C:\Users\admin\.gradle\caches\7.0.2\fileHashes)" [_thread_blocked, id=1088, stack(0x000000cd23c00000,0x000000cd23d00000)]
  0x0000021a57ef6800 JavaThread "File lock request listener" [_thread_in_native, id=9368, stack(0x000000cd23d00000,0x000000cd23e00000)]
  0x0000021a57ef7800 JavaThread "Cache worker for journal cache (C:\Users\admin\.gradle\caches\journal-1)" [_thread_blocked, id=4288, stack(0x000000cd23e00000,0x000000cd23f00000)]
  0x0000021a57ef8000 JavaThread "File watcher server" daemon [_thread_in_native, id=11200, stack(0x000000cd24000000,0x000000cd24100000)]
  0x0000021a57ef9000 JavaThread "File watcher consumer" daemon [_thread_blocked, id=6880, stack(0x000000cd24100000,0x000000cd24200000)]
  0x0000021a58927000 JavaThread "Cache worker for execution history cache (C:\Users\admin\.gradle\caches\7.0.2\executionHistory)" [_thread_blocked, id=9352, stack(0x000000cd24500000,0x000000cd24600000)]
  0x0000021a58923800 JavaThread "jar transforms" [_thread_blocked, id=10100, stack(0x000000cd24600000,0x000000cd24700000)]
  0x0000021a58922800 JavaThread "jar transforms Thread 2" [_thread_blocked, id=10676, stack(0x000000cd24700000,0x000000cd24800000)]
  0x0000021a58927800 JavaThread "Cache worker for file content cache (C:\Users\admin\.gradle\caches\7.0.2\fileContent)" [_thread_blocked, id=2124, stack(0x000000cd24800000,0x000000cd24900000)]
  0x0000021a5892e000 JavaThread "Memory manager" [_thread_blocked, id=3156, stack(0x000000cd24d00000,0x000000cd24e00000)]
  0x0000021a58930800 JavaThread "Cache worker for Java compile cache (C:\Users\admin\.gradle\caches\7.0.2\javaCompile)" [_thread_blocked, id=5344, stack(0x000000cd25300000,0x000000cd25400000)]
  0x0000021a5d127800 JavaThread "ForkJoinPool.commonPool-worker-1" daemon [_thread_blocked, id=6664, stack(0x000000cd25400000,0x000000cd25500000)]
  0x0000021a5d122000 JavaThread "Daemon Thread 4" [_thread_blocked, id=940, stack(0x000000cd21d00000,0x000000cd21e00000)]
  0x0000021a5d124000 JavaThread "Handler for socket connection from /127.0.0.1:60579 to /127.0.0.1:60799" [_thread_in_native, id=2720, stack(0x000000cd21e00000,0x000000cd21f00000)]
  0x0000021a5d126000 JavaThread "Cancel handler" [_thread_blocked, id=9588, stack(0x000000cd23400000,0x000000cd23500000)]
  0x0000021a5d126800 JavaThread "Daemon worker Thread 4" [_thread_blocked, id=2304, stack(0x000000cd23600000,0x000000cd23700000)]
  0x0000021a5d125000 JavaThread "Asynchronous log dispatcher for DefaultDaemonConnection: socket connection from /127.0.0.1:60579 to /127.0.0.1:60799" [_thread_blocked, id=3160, stack(0x000000cd23700000,0x000000cd23800000)]
  0x0000021a5d128800 JavaThread "Stdin handler" [_thread_blocked, id=6156, stack(0x000000cd23800000,0x000000cd23900000)]
  0x0000021a5d122800 JavaThread "Daemon client event forwarder" [_thread_blocked_trans, id=8376, stack(0x000000cd23900000,0x000000cd23a00000)]
  0x0000021a5d129000 JavaThread "Cache worker for file hash cache (C:\Users\admin\AndroidStudioProjects\GPSgame\.gradle\7.0.2\fileHashes)" [_thread_blocked, id=10188, stack(0x000000cd23a00000,0x000000cd23b00000)]
  0x0000021a5d123800 JavaThread "Cache worker for checksums cache (C:\Users\admin\AndroidStudioProjects\GPSgame\.gradle\checksums)" [_thread_blocked, id=2340, stack(0x000000cd23b00000,0x000000cd23c00000)]
  0x0000021a5d12e000 JavaThread "Cache worker for cache directory md-supplier (C:\Users\admin\.gradle\caches\7.0.2\md-supplier)" [_thread_blocked, id=5716, stack(0x000000cd23f00000,0x000000cd24000000)]
  0x0000021a5d12a800 JavaThread "Cache worker for cache directory md-rule (C:\Users\admin\.gradle\caches\7.0.2\md-rule)" [_thread_blocked, id=8780, stack(0x000000cd24200000,0x000000cd24300000)]
  0x0000021a5d12a000 JavaThread "Cache worker for dependencies-accessors (C:\Users\admin\AndroidStudioProjects\GPSgame\.gradle\7.0.2\dependencies-accessors)" [_thread_blocked, id=8936, stack(0x000000cd24300000,0x000000cd24400000)]
  0x0000021a5d12c800 JavaThread "Cache worker for Build Output Cleanup Cache (C:\Users\admin\AndroidStudioProjects\GPSgame\.gradle\buildOutputCleanup)" [_thread_blocked, id=9560, stack(0x000000cd24400000,0x000000cd24500000)]
  0x0000021a5d12b800 JavaThread "Build operations" [_thread_blocked, id=7192, stack(0x000000cd24900000,0x000000cd24a00000)]
  0x0000021a5d12f800 JavaThread "Build operations Thread 2" [_thread_blocked, id=220, stack(0x000000cd24a00000,0x000000cd24b00000)]
  0x0000021a5d12f000 JavaThread "build event listener" [_thread_blocked, id=4896, stack(0x000000cd24b00000,0x000000cd24c00000)]
  0x0000021a5d12d000 JavaThread "Execution worker for ':'" [_thread_blocked, id=7000, stack(0x000000cd24c00000,0x000000cd24d00000)]
  0x0000021a5d130800 JavaThread "Cache worker for execution history cache (C:\Users\admin\AndroidStudioProjects\GPSgame\.gradle\7.0.2\executionHistory)" [_thread_blocked, id=9096, stack(0x000000cd24e00000,0x000000cd24f00000)]

Other Threads:
  0x0000021a55503800 VMThread "VM Thread" [stack: 0x000000cd22500000,0x000000cd22600000] [id=3048]
  0x0000021a5601a800 WatcherThread [stack: 0x000000cd22f00000,0x000000cd23000000] [id=8180]
  0x0000021a3be16800 GCTaskThread "GC Thread#0" [stack: 0x000000cd22000000,0x000000cd22100000] [id=2156]
  0x0000021a56258800 GCTaskThread "GC Thread#1" [stack: 0x000000cd23000000,0x000000cd23100000] [id=7952]
  0x0000021a3be4a800 ConcurrentGCThread "G1 Main Marker" [stack: 0x000000cd22100000,0x000000cd22200000] [id=8052]
  0x0000021a3be4d000 ConcurrentGCThread "G1 Conc#0" [stack: 0x000000cd22200000,0x000000cd22300000] [id=3896]
  0x0000021a55360800 ConcurrentGCThread "G1 Refine#0" [stack: 0x000000cd22300000,0x000000cd22400000] [id=1988]
  0x0000021a56954800 ConcurrentGCThread "G1 Refine#1" [stack: 0x000000cd23300000,0x000000cd23400000] [id=10072]
  0x0000021a55361800 ConcurrentGCThread "G1 Young RemSet Sampling" [stack: 0x000000cd22400000,0x000000cd22500000] [id=9948]

Threads with active compile tasks:
C2 CompilerThread0 758567 16566       4       org.gradle.api.internal.artifacts.ModuleComponentSelectorSerializer::read (50 bytes)

VM state:not at safepoint (normal execution)

VM Mutex/Monitor currently owned by a thread: None

Heap address: 0x0000000080000000, size: 2048 MB, Compressed Oops mode: 32-bit
Narrow klass base: 0x0000000000000000, Narrow klass shift: 3
Compressed class space size: 1073741824 Address: 0x0000000100000000

Heap:
 garbage-first heap   total 189440K, used 98780K [0x0000000080000000, 0x0000000100000000)
  region size 1024K, 9 young (9216K), 6 survivors (6144K)
 Metaspace       used 110506K, capacity 113700K, committed 114048K, reserved 1148928K
  class space    used 14220K, capacity 15394K, committed 15488K, reserved 1048576K
Heap Regions: E=young(eden), S=young(survivor), O=old, HS=humongous(starts), HC=humongous(continues), CS=collection set, F=free, A=archive, TAMS=top-at-mark-start (previous, next)
|   0|0x0000000080000000, 0x0000000080100000, 0x0000000080100000|100%| O|  |TAMS 0x0000000080100000, 0x0000000080000000| Updating 
|   1|0x0000000080100000, 0x0000000080200000, 0x0000000080200000|100%| O|  |TAMS 0x0000000080200000, 0x0000000080100000| Updating 
|   2|0x0000000080200000, 0x0000000080300000, 0x0000000080300000|100%| O|  |TAMS 0x0000000080300000, 0x0000000080200000| Updating 
|   3|0x0000000080300000, 0x0000000080400000, 0x0000000080400000|100%| O|  |TAMS 0x0000000080400000, 0x0000000080300000| Updating 
|   4|0x0000000080400000, 0x0000000080500000, 0x0000000080500000|100%|HS|  |TAMS 0x0000000080500000, 0x0000000080400000| Complete 
|   5|0x0000000080500000, 0x0000000080600000, 0x0000000080600000|100%|HC|  |TAMS 0x0000000080600000, 0x0000000080500000| Complete 
|   6|0x0000000080600000, 0x0000000080700000, 0x0000000080700000|100%|HC|  |TAMS 0x0000000080700000, 0x0000000080600000| Complete 
|   7|0x0000000080700000, 0x0000000080800000, 0x0000000080800000|100%| O|  |TAMS 0x0000000080800000, 0x0000000080700000| Updating 
|   8|0x0000000080800000, 0x0000000080900000, 0x0000000080900000|100%| O|  |TAMS 0x0000000080900000, 0x0000000080800000| Updating 
|   9|0x0000000080900000, 0x0000000080a00000, 0x0000000080a00000|100%| O|  |TAMS 0x0000000080a00000, 0x0000000080900000| Updating 
|  10|0x0000000080a00000, 0x0000000080b00000, 0x0000000080b00000|100%| O|  |TAMS 0x0000000080b00000, 0x0000000080a00000| Updating 
|  11|0x0000000080b00000, 0x0000000080c00000, 0x0000000080c00000|100%| O|  |TAMS 0x0000000080c00000, 0x0000000080b00000| Updating 
|  12|0x0000000080c00000, 0x0000000080d00000, 0x0000000080d00000|100%| O|  |TAMS 0x0000000080d00000, 0x0000000080c00000| Updating 
|  13|0x0000000080d00000, 0x0000000080e00000, 0x0000000080e00000|100%| O|  |TAMS 0x0000000080e00000, 0x0000000080d00000| Updating 
|  14|0x0000000080e00000, 0x0000000080f00000, 0x0000000080f00000|100%| O|  |TAMS 0x0000000080f00000, 0x0000000080e00000| Updating 
|  15|0x0000000080f00000, 0x0000000081000000, 0x0000000081000000|100%|HS|  |TAMS 0x0000000081000000, 0x0000000080f00000| Complete 
|  16|0x0000000081000000, 0x0000000081100000, 0x0000000081100000|100%| O|  |TAMS 0x0000000081100000, 0x0000000081000000| Updating 
|  17|0x0000000081100000, 0x0000000081200000, 0x0000000081200000|100%| O|  |TAMS 0x0000000081200000, 0x0000000081100000| Updating 
|  18|0x0000000081200000, 0x0000000081300000, 0x0000000081300000|100%| O|  |TAMS 0x0000000081300000, 0x0000000081200000| Updating 
|  19|0x0000000081300000, 0x0000000081400000, 0x0000000081400000|100%| O|  |TAMS 0x0000000081400000, 0x0000000081300000| Updating 
|  20|0x0000000081400000, 0x0000000081500000, 0x0000000081500000|100%| O|  |TAMS 0x0000000081500000, 0x0000000081400000| Updating 
|  21|0x0000000081500000, 0x0000000081600000, 0x0000000081600000|100%| O|  |TAMS 0x0000000081600000, 0x0000000081500000| Updating 
|  22|0x0000000081600000, 0x0000000081700000, 0x0000000081700000|100%|HS|  |TAMS 0x0000000081700000, 0x0000000081600000| Complete 
|  23|0x0000000081700000, 0x0000000081800000, 0x0000000081800000|100%|HS|  |TAMS 0x0000000081800000, 0x0000000081700000| Complete 
|  24|0x0000000081800000, 0x0000000081900000, 0x0000000081900000|100%|HC|  |TAMS 0x0000000081900000, 0x0000000081800000| Complete 
|  25|0x0000000081900000, 0x0000000081a00000, 0x0000000081a00000|100%| O|  |TAMS 0x0000000081a00000, 0x0000000081900000| Updating 
|  26|0x0000000081a00000, 0x0000000081b00000, 0x0000000081b00000|100%| O|  |TAMS 0x0000000081b00000, 0x0000000081a00000| Updating 
|  27|0x0000000081b00000, 0x0000000081c00000, 0x0000000081c00000|100%| O|  |TAMS 0x0000000081c00000, 0x0000000081b00000| Updating 
|  28|0x0000000081c00000, 0x0000000081d00000, 0x0000000081d00000|100%| O|  |TAMS 0x0000000081d00000, 0x0000000081c00000| Updating 
|  29|0x0000000081d00000, 0x0000000081e00000, 0x0000000081e00000|100%| O|  |TAMS 0x0000000081e00000, 0x0000000081d00000| Updating 
|  30|0x0000000081e00000, 0x0000000081f00000, 0x0000000081f00000|100%| O|  |TAMS 0x0000000081f00000, 0x0000000081e00000| Updating 
|  31|0x0000000081f00000, 0x0000000082000000, 0x0000000082000000|100%| O|  |TAMS 0x0000000082000000, 0x0000000081f00000| Updating 
|  32|0x0000000082000000, 0x0000000082100000, 0x0000000082100000|100%| O|  |TAMS 0x0000000082100000, 0x0000000082000000| Updating 
|  33|0x0000000082100000, 0x0000000082200000, 0x0000000082200000|100%| O|  |TAMS 0x0000000082200000, 0x0000000082100000| Updating 
|  34|0x0000000082200000, 0x0000000082300000, 0x0000000082300000|100%| O|  |TAMS 0x0000000082300000, 0x0000000082200000| Updating 
|  35|0x0000000082300000, 0x0000000082400000, 0x0000000082400000|100%| O|  |TAMS 0x0000000082400000, 0x0000000082300000| Updating 
|  36|0x0000000082400000, 0x0000000082500000, 0x0000000082500000|100%| O|  |TAMS 0x0000000082500000, 0x0000000082400000| Updating 
|  37|0x0000000082500000, 0x0000000082600000, 0x0000000082600000|100%| O|  |TAMS 0x0000000082600000, 0x0000000082500000| Updating 
|  38|0x0000000082600000, 0x0000000082700000, 0x0000000082700000|100%| O|  |TAMS 0x0000000082700000, 0x0000000082600000| Updating 
|  39|0x0000000082700000, 0x0000000082800000, 0x0000000082800000|100%| O|  |TAMS 0x0000000082800000, 0x0000000082700000| Updating 
|  40|0x0000000082800000, 0x0000000082900000, 0x0000000082900000|100%| O|  |TAMS 0x0000000082900000, 0x0000000082800000| Updating 
|  41|0x0000000082900000, 0x0000000082a00000, 0x0000000082a00000|100%| O|  |TAMS 0x0000000082a00000, 0x0000000082900000| Updating 
|  42|0x0000000082a00000, 0x0000000082b00000, 0x0000000082b00000|100%| O|  |TAMS 0x0000000082b00000, 0x0000000082a00000| Updating 
|  43|0x0000000082b00000, 0x0000000082c00000, 0x0000000082c00000|100%| O|  |TAMS 0x0000000082c00000, 0x0000000082b00000| Updating 
|  44|0x0000000082c00000, 0x0000000082d00000, 0x0000000082d00000|100%| O|  |TAMS 0x0000000082d00000, 0x0000000082c00000| Updating 
|  45|0x0000000082d00000, 0x0000000082e00000, 0x0000000082e00000|100%| O|  |TAMS 0x0000000082e00000, 0x0000000082d00000| Updating 
|  46|0x0000000082e00000, 0x0000000082f00000, 0x0000000082f00000|100%| O|  |TAMS 0x0000000082f00000, 0x0000000082e00000| Updating 
|  47|0x0000000082f00000, 0x0000000083000000, 0x0000000083000000|100%| O|  |TAMS 0x0000000083000000, 0x0000000082f00000| Updating 
|  48|0x0000000083000000, 0x0000000083100000, 0x0000000083100000|100%| O|  |TAMS 0x0000000083100000, 0x0000000083000000| Updating 
|  49|0x0000000083100000, 0x0000000083200000, 0x0000000083200000|100%| O|  |TAMS 0x0000000083200000, 0x0000000083100000| Updating 
|  50|0x0000000083200000, 0x0000000083300000, 0x0000000083300000|100%| O|  |TAMS 0x0000000083300000, 0x0000000083200000| Updating 
|  51|0x0000000083300000, 0x0000000083400000, 0x0000000083400000|100%| O|  |TAMS 0x0000000083400000, 0x0000000083300000| Updating 
|  52|0x0000000083400000, 0x0000000083500000, 0x0000000083500000|100%| O|  |TAMS 0x0000000083500000, 0x0000000083400000| Updating 
|  53|0x0000000083500000, 0x0000000083600000, 0x0000000083600000|100%| O|  |TAMS 0x0000000083600000, 0x0000000083500000| Updating 
|  54|0x0000000083600000, 0x0000000083700000, 0x0000000083700000|100%| O|  |TAMS 0x0000000083700000, 0x0000000083600000| Updating 
|  55|0x0000000083700000, 0x0000000083800000, 0x0000000083800000|100%| O|  |TAMS 0x0000000083800000, 0x0000000083700000| Updating 
|  56|0x0000000083800000, 0x0000000083900000, 0x0000000083900000|100%| O|  |TAMS 0x0000000083900000, 0x0000000083800000| Updating 
|  57|0x0000000083900000, 0x0000000083a00000, 0x0000000083a00000|100%| O|  |TAMS 0x0000000083a00000, 0x0000000083900000| Updating 
|  58|0x0000000083a00000, 0x0000000083b00000, 0x0000000083b00000|100%| O|  |TAMS 0x0000000083b00000, 0x0000000083a00000| Updating 
|  59|0x0000000083b00000, 0x0000000083c00000, 0x0000000083c00000|100%| O|  |TAMS 0x0000000083c00000, 0x0000000083b00000| Updating 
|  60|0x0000000083c00000, 0x0000000083d00000, 0x0000000083d00000|100%| O|  |TAMS 0x0000000083d00000, 0x0000000083c00000| Updating 
|  61|0x0000000083d00000, 0x0000000083e00000, 0x0000000083e00000|100%| O|  |TAMS 0x0000000083e00000, 0x0000000083d00000| Updating 
|  62|0x0000000083e00000, 0x0000000083f00000, 0x0000000083f00000|100%| O|  |TAMS 0x0000000083f00000, 0x0000000083e00000| Updating 
|  63|0x0000000083f00000, 0x0000000084000000, 0x0000000084000000|100%| O|  |TAMS 0x0000000084000000, 0x0000000083f00000| Updating 
|  64|0x0000000084000000, 0x0000000084100000, 0x0000000084100000|100%| O|  |TAMS 0x0000000084100000, 0x0000000084000000| Updating 
|  65|0x0000000084100000, 0x0000000084200000, 0x0000000084200000|100%| O|  |TAMS 0x0000000084200000, 0x0000000084100000| Updating 
|  66|0x0000000084200000, 0x0000000084300000, 0x0000000084300000|100%| O|  |TAMS 0x0000000084300000, 0x0000000084200000| Updating 
|  67|0x0000000084300000, 0x0000000084400000, 0x0000000084400000|100%| O|  |TAMS 0x0000000084400000, 0x0000000084300000| Updating 
|  68|0x0000000084400000, 0x0000000084500000, 0x0000000084500000|100%| O|  |TAMS 0x0000000084500000, 0x0000000084400000| Updating 
|  69|0x0000000084500000, 0x0000000084600000, 0x0000000084600000|100%| O|  |TAMS 0x0000000084600000, 0x0000000084500000| Updating 
|  70|0x0000000084600000, 0x0000000084700000, 0x0000000084700000|100%| O|  |TAMS 0x0000000084700000, 0x0000000084600000| Updating 
|  71|0x0000000084700000, 0x0000000084800000, 0x0000000084800000|100%| O|  |TAMS 0x0000000084800000, 0x0000000084700000| Updating 
|  72|0x0000000084800000, 0x0000000084900000, 0x0000000084900000|100%| O|  |TAMS 0x0000000084900000, 0x0000000084800000| Updating 
|  73|0x0000000084900000, 0x0000000084a00000, 0x0000000084a00000|100%| O|  |TAMS 0x0000000084a00000, 0x0000000084900000| Updating 
|  74|0x0000000084a00000, 0x0000000084a00000, 0x0000000084b00000|  0%| F|  |TAMS 0x0000000084a00000, 0x0000000084a00000| Untracked 
|  75|0x0000000084b00000, 0x0000000084c00000, 0x0000000084c00000|100%| O|  |TAMS 0x0000000084c00000, 0x0000000084b00000| Updating 
|  76|0x0000000084c00000, 0x0000000084d00000, 0x0000000084d00000|100%| O|  |TAMS 0x0000000084d00000, 0x0000000084c00000| Updating 
|  77|0x0000000084d00000, 0x0000000084e00000, 0x0000000084e00000|100%| O|  |TAMS 0x0000000084e00000, 0x0000000084d00000| Updating 
|  78|0x0000000084e00000, 0x0000000084ee8000, 0x0000000084f00000| 90%| O|  |TAMS 0x0000000084ee8000, 0x0000000084e00000| Updating 
|  79|0x0000000084f00000, 0x0000000084f00000, 0x0000000085000000|  0%| F|  |TAMS 0x0000000084f00000, 0x0000000084f00000| Untracked 
|  80|0x0000000085000000, 0x0000000085100000, 0x0000000085100000|100%| O|  |TAMS 0x0000000085100000, 0x0000000085000000| Updating 
|  81|0x0000000085100000, 0x000000008518f320, 0x0000000085200000| 55%| S|CS|TAMS 0x0000000085100000, 0x0000000085100000| Complete 
|  82|0x0000000085200000, 0x0000000085300000, 0x0000000085300000|100%| O|  |TAMS 0x0000000085300000, 0x0000000085200000| Updating 
|  83|0x0000000085300000, 0x0000000085300000, 0x0000000085400000|  0%| F|  |TAMS 0x0000000085300000, 0x0000000085300000| Untracked 
|  84|0x0000000085400000, 0x0000000085400000, 0x0000000085500000|  0%| F|  |TAMS 0x0000000085400000, 0x0000000085400000| Untracked 
|  85|0x0000000085500000, 0x0000000085600000, 0x0000000085600000|100%| O|  |TAMS 0x0000000085600000, 0x0000000085500000| Updating 
|  86|0x0000000085600000, 0x0000000085700000, 0x0000000085700000|100%| S|CS|TAMS 0x0000000085600000, 0x0000000085600000| Complete 
|  87|0x0000000085700000, 0x0000000085700000, 0x0000000085800000|  0%| F|  |TAMS 0x0000000085700000, 0x0000000085700000| Untracked 
|  88|0x0000000085800000, 0x0000000085800000, 0x0000000085900000|  0%| F|  |TAMS 0x0000000085800000, 0x0000000085800000| Untracked 
|  89|0x0000000085900000, 0x0000000085900000, 0x0000000085a00000|  0%| F|  |TAMS 0x0000000085900000, 0x0000000085900000| Untracked 
|  90|0x0000000085a00000, 0x0000000085a00000, 0x0000000085b00000|  0%| F|  |TAMS 0x0000000085a00000, 0x0000000085a00000| Untracked 
|  91|0x0000000085b00000, 0x0000000085b00000, 0x0000000085c00000|  0%| F|  |TAMS 0x0000000085b00000, 0x0000000085b00000| Untracked 
|  92|0x0000000085c00000, 0x0000000085c00000, 0x0000000085d00000|  0%| F|  |TAMS 0x0000000085c00000, 0x0000000085c00000| Untracked 
|  93|0x0000000085d00000, 0x0000000085e00000, 0x0000000085e00000|100%| S|CS|TAMS 0x0000000085d00000, 0x0000000085d00000| Complete 
|  94|0x0000000085e00000, 0x0000000085f00000, 0x0000000085f00000|100%| O|  |TAMS 0x0000000085f00000, 0x0000000085e00000| Updating 
|  95|0x0000000085f00000, 0x0000000086000000, 0x0000000086000000|100%| O|  |TAMS 0x0000000086000000, 0x0000000085f00000| Updating 
|  96|0x0000000086000000, 0x0000000086100000, 0x0000000086100000|100%| S|CS|TAMS 0x0000000086000000, 0x0000000086000000| Complete 
|  97|0x0000000086100000, 0x0000000086200000, 0x0000000086200000|100%| O|  |TAMS 0x0000000086200000, 0x0000000086100000| Updating 
|  98|0x0000000086200000, 0x0000000086300000, 0x0000000086300000|100%| O|  |TAMS 0x0000000086300000, 0x0000000086200000| Updating 
|  99|0x0000000086300000, 0x0000000086400000, 0x0000000086400000|100%| O|  |TAMS 0x0000000086400000, 0x0000000086300000| Updating 
| 100|0x0000000086400000, 0x0000000086500000, 0x0000000086500000|100%| O|  |TAMS 0x0000000086500000, 0x0000000086400000| Updating 
| 101|0x0000000086500000, 0x0000000086600000, 0x0000000086600000|100%| O|  |TAMS 0x0000000086600000, 0x0000000086500000| Updating 
| 102|0x0000000086600000, 0x0000000086700000, 0x0000000086700000|100%| O|  |TAMS 0x0000000086700000, 0x0000000086600000| Updating 
| 103|0x0000000086700000, 0x0000000086700000, 0x0000000086800000|  0%| F|  |TAMS 0x0000000086700000, 0x0000000086700000| Untracked 
| 104|0x0000000086800000, 0x0000000086800000, 0x0000000086900000|  0%| F|  |TAMS 0x0000000086800000, 0x0000000086800000| Untracked 
| 105|0x0000000086900000, 0x0000000086900000, 0x0000000086a00000|  0%| F|  |TAMS 0x0000000086900000, 0x0000000086900000| Untracked 
| 106|0x0000000086a00000, 0x0000000086a00000, 0x0000000086b00000|  0%| F|  |TAMS 0x0000000086a00000, 0x0000000086a00000| Untracked 
| 107|0x0000000086b00000, 0x0000000086b00000, 0x0000000086c00000|  0%| F|  |TAMS 0x0000000086b00000, 0x0000000086b00000| Untracked 
| 108|0x0000000086c00000, 0x0000000086c00000, 0x0000000086d00000|  0%| F|  |TAMS 0x0000000086c00000, 0x0000000086c00000| Untracked 
| 109|0x0000000086d00000, 0x0000000086d00000, 0x0000000086e00000|  0%| F|  |TAMS 0x0000000086d00000, 0x0000000086d00000| Untracked 
| 110|0x0000000086e00000, 0x0000000086e00000, 0x0000000086f00000|  0%| F|  |TAMS 0x0000000086e00000, 0x0000000086e00000| Untracked 
| 111|0x0000000086f00000, 0x0000000086f00000, 0x0000000087000000|  0%| F|  |TAMS 0x0000000086f00000, 0x0000000086f00000| Untracked 
| 112|0x0000000087000000, 0x0000000087000000, 0x0000000087100000|  0%| F|  |TAMS 0x0000000087000000, 0x0000000087000000| Untracked 
| 113|0x0000000087100000, 0x0000000087100000, 0x0000000087200000|  0%| F|  |TAMS 0x0000000087100000, 0x0000000087100000| Untracked 
| 114|0x0000000087200000, 0x0000000087200000, 0x0000000087300000|  0%| F|  |TAMS 0x0000000087200000, 0x0000000087200000| Untracked 
| 115|0x0000000087300000, 0x0000000087300000, 0x0000000087400000|  0%| F|  |TAMS 0x0000000087300000, 0x0000000087300000| Untracked 
| 116|0x0000000087400000, 0x0000000087400000, 0x0000000087500000|  0%| F|  |TAMS 0x0000000087400000, 0x0000000087400000| Untracked 
| 117|0x0000000087500000, 0x0000000087500000, 0x0000000087600000|  0%| F|  |TAMS 0x0000000087500000, 0x0000000087500000| Untracked 
| 118|0x0000000087600000, 0x0000000087600000, 0x0000000087700000|  0%| F|  |TAMS 0x0000000087600000, 0x0000000087600000| Untracked 
| 119|0x0000000087700000, 0x0000000087700000, 0x0000000087800000|  0%| F|  |TAMS 0x0000000087700000, 0x0000000087700000| Untracked 
| 120|0x0000000087800000, 0x0000000087800000, 0x0000000087900000|  0%| F|  |TAMS 0x0000000087800000, 0x0000000087800000| Untracked 
| 121|0x0000000087900000, 0x0000000087900000, 0x0000000087a00000|  0%| F|  |TAMS 0x0000000087900000, 0x0000000087900000| Untracked 
| 122|0x0000000087a00000, 0x0000000087a00000, 0x0000000087b00000|  0%| F|  |TAMS 0x0000000087a00000, 0x0000000087a00000| Untracked 
| 123|0x0000000087b00000, 0x0000000087c00000, 0x0000000087c00000|100%| S|CS|TAMS 0x0000000087b00000, 0x0000000087b00000| Complete 
| 124|0x0000000087c00000, 0x0000000087d00000, 0x0000000087d00000|100%| S|CS|TAMS 0x0000000087c00000, 0x0000000087c00000| Complete 
| 125|0x0000000087d00000, 0x0000000087d00000, 0x0000000087e00000|  0%| F|  |TAMS 0x0000000087d00000, 0x0000000087d00000| Untracked 
| 126|0x0000000087e00000, 0x0000000087e00000, 0x0000000087f00000|  0%| F|  |TAMS 0x0000000087e00000, 0x0000000087e00000| Untracked 
| 127|0x0000000087f00000, 0x0000000087f00000, 0x0000000088000000|  0%| F|  |TAMS 0x0000000087f00000, 0x0000000087f00000| Untracked 
| 128|0x0000000088000000, 0x0000000088000000, 0x0000000088100000|  0%| F|  |TAMS 0x0000000088000000, 0x0000000088000000| Untracked 
| 129|0x0000000088100000, 0x0000000088100000, 0x0000000088200000|  0%| F|  |TAMS 0x0000000088100000, 0x0000000088100000| Untracked 
| 130|0x0000000088200000, 0x0000000088200000, 0x0000000088300000|  0%| F|  |TAMS 0x0000000088200000, 0x0000000088200000| Untracked 
| 131|0x0000000088300000, 0x0000000088300000, 0x0000000088400000|  0%| F|  |TAMS 0x0000000088300000, 0x0000000088300000| Untracked 
| 132|0x0000000088400000, 0x0000000088400000, 0x0000000088500000|  0%| F|  |TAMS 0x0000000088400000, 0x0000000088400000| Untracked 
| 133|0x0000000088500000, 0x0000000088500000, 0x0000000088600000|  0%| F|  |TAMS 0x0000000088500000, 0x0000000088500000| Untracked 
| 134|0x0000000088600000, 0x0000000088600000, 0x0000000088700000|  0%| F|  |TAMS 0x0000000088600000, 0x0000000088600000| Untracked 
| 135|0x0000000088700000, 0x0000000088700000, 0x0000000088800000|  0%| F|  |TAMS 0x0000000088700000, 0x0000000088700000| Untracked 
| 136|0x0000000088800000, 0x0000000088800000, 0x0000000088900000|  0%| F|  |TAMS 0x0000000088800000, 0x0000000088800000| Untracked 
| 137|0x0000000088900000, 0x0000000088900000, 0x0000000088a00000|  0%| F|  |TAMS 0x0000000088900000, 0x0000000088900000| Untracked 
| 138|0x0000000088a00000, 0x0000000088a00000, 0x0000000088b00000|  0%| F|  |TAMS 0x0000000088a00000, 0x0000000088a00000| Untracked 
| 139|0x0000000088b00000, 0x0000000088b00000, 0x0000000088c00000|  0%| F|  |TAMS 0x0000000088b00000, 0x0000000088b00000| Untracked 
| 140|0x0000000088c00000, 0x0000000088c00000, 0x0000000088d00000|  0%| F|  |TAMS 0x0000000088c00000, 0x0000000088c00000| Untracked 
| 141|0x0000000088d00000, 0x0000000088d00000, 0x0000000088e00000|  0%| F|  |TAMS 0x0000000088d00000, 0x0000000088d00000| Untracked 
| 142|0x0000000088e00000, 0x0000000088e00000, 0x0000000088f00000|  0%| F|  |TAMS 0x0000000088e00000, 0x0000000088e00000| Untracked 
| 143|0x0000000088f00000, 0x0000000088f00000, 0x0000000089000000|  0%| F|  |TAMS 0x0000000088f00000, 0x0000000088f00000| Untracked 
| 144|0x0000000089000000, 0x0000000089000000, 0x0000000089100000|  0%| F|  |TAMS 0x0000000089000000, 0x0000000089000000| Untracked 
| 145|0x0000000089100000, 0x0000000089100000, 0x0000000089200000|  0%| F|  |TAMS 0x0000000089100000, 0x0000000089100000| Untracked 
| 146|0x0000000089200000, 0x0000000089200000, 0x0000000089300000|  0%| F|  |TAMS 0x0000000089200000, 0x0000000089200000| Untracked 
| 147|0x0000000089300000, 0x0000000089300000, 0x0000000089400000|  0%| F|  |TAMS 0x0000000089300000, 0x0000000089300000| Untracked 
| 148|0x0000000089400000, 0x0000000089400000, 0x0000000089500000|  0%| F|  |TAMS 0x0000000089400000, 0x0000000089400000| Untracked 
| 149|0x0000000089500000, 0x0000000089500000, 0x0000000089600000|  0%| F|  |TAMS 0x0000000089500000, 0x0000000089500000| Untracked 
| 150|0x0000000089600000, 0x0000000089600000, 0x0000000089700000|  0%| F|  |TAMS 0x0000000089600000, 0x0000000089600000| Untracked 
| 151|0x0000000089700000, 0x0000000089700000, 0x0000000089800000|  0%| F|  |TAMS 0x0000000089700000, 0x0000000089700000| Untracked 
| 152|0x0000000089800000, 0x0000000089800000, 0x0000000089900000|  0%| F|  |TAMS 0x0000000089800000, 0x0000000089800000| Untracked 
| 153|0x0000000089900000, 0x0000000089900000, 0x0000000089a00000|  0%| F|  |TAMS 0x0000000089900000, 0x0000000089900000| Untracked 
| 154|0x0000000089a00000, 0x0000000089a00000, 0x0000000089b00000|  0%| F|  |TAMS 0x0000000089a00000, 0x0000000089a00000| Untracked 
| 155|0x0000000089b00000, 0x0000000089b00000, 0x0000000089c00000|  0%| F|  |TAMS 0x0000000089b00000, 0x0000000089b00000| Untracked 
| 156|0x0000000089c00000, 0x0000000089c00000, 0x0000000089d00000|  0%| F|  |TAMS 0x0000000089c00000, 0x0000000089c00000| Untracked 
| 157|0x0000000089d00000, 0x0000000089d00000, 0x0000000089e00000|  0%| F|  |TAMS 0x0000000089d00000, 0x0000000089d00000| Untracked 
| 158|0x0000000089e00000, 0x0000000089e00000, 0x0000000089f00000|  0%| F|  |TAMS 0x0000000089e00000, 0x0000000089e00000| Untracked 
| 159|0x0000000089f00000, 0x0000000089f00000, 0x000000008a000000|  0%| F|  |TAMS 0x0000000089f00000, 0x0000000089f00000| Untracked 
| 160|0x000000008a000000, 0x000000008a000000, 0x000000008a100000|  0%| F|  |TAMS 0x000000008a000000, 0x000000008a000000| Untracked 
| 161|0x000000008a100000, 0x000000008a100000, 0x000000008a200000|  0%| F|  |TAMS 0x000000008a100000, 0x000000008a100000| Untracked 
| 162|0x000000008a200000, 0x000000008a200000, 0x000000008a300000|  0%| F|  |TAMS 0x000000008a200000, 0x000000008a200000| Untracked 
| 163|0x000000008a300000, 0x000000008a300000, 0x000000008a400000|  0%| F|  |TAMS 0x000000008a300000, 0x000000008a300000| Untracked 
| 164|0x000000008a400000, 0x000000008a400000, 0x000000008a500000|  0%| F|  |TAMS 0x000000008a400000, 0x000000008a400000| Untracked 
| 165|0x000000008a500000, 0x000000008a500000, 0x000000008a600000|  0%| F|  |TAMS 0x000000008a500000, 0x000000008a500000| Untracked 
| 166|0x000000008a600000, 0x000000008a600000, 0x000000008a700000|  0%| F|  |TAMS 0x000000008a600000, 0x000000008a600000| Untracked 
| 167|0x000000008a700000, 0x000000008a700000, 0x000000008a800000|  0%| F|  |TAMS 0x000000008a700000, 0x000000008a700000| Untracked 
| 168|0x000000008a800000, 0x000000008a800000, 0x000000008a900000|  0%| F|  |TAMS 0x000000008a800000, 0x000000008a800000| Untracked 
| 169|0x000000008a900000, 0x000000008a900000, 0x000000008aa00000|  0%| F|  |TAMS 0x000000008a900000, 0x000000008a900000| Untracked 
| 170|0x000000008aa00000, 0x000000008aa00000, 0x000000008ab00000|  0%| F|  |TAMS 0x000000008aa00000, 0x000000008aa00000| Untracked 
| 171|0x000000008ab00000, 0x000000008ab00000, 0x000000008ac00000|  0%| F|  |TAMS 0x000000008ab00000, 0x000000008ab00000| Untracked 
| 172|0x000000008ac00000, 0x000000008ac00000, 0x000000008ad00000|  0%| F|  |TAMS 0x000000008ac00000, 0x000000008ac00000| Untracked 
| 173|0x000000008ad00000, 0x000000008ad00000, 0x000000008ae00000|  0%| F|  |TAMS 0x000000008ad00000, 0x000000008ad00000| Untracked 
| 174|0x000000008ae00000, 0x000000008ae00000, 0x000000008af00000|  0%| F|  |TAMS 0x000000008ae00000, 0x000000008ae00000| Untracked 
| 175|0x000000008af00000, 0x000000008af00000, 0x000000008b000000|  0%| F|  |TAMS 0x000000008af00000, 0x000000008af00000| Untracked 
| 176|0x000000008b000000, 0x000000008b000000, 0x000000008b100000|  0%| F|  |TAMS 0x000000008b000000, 0x000000008b000000| Untracked 
| 177|0x000000008b100000, 0x000000008b100000, 0x000000008b200000|  0%| F|  |TAMS 0x000000008b100000, 0x000000008b100000| Untracked 
| 178|0x000000008b200000, 0x000000008b200000, 0x000000008b300000|  0%| F|  |TAMS 0x000000008b200000, 0x000000008b200000| Untracked 
| 179|0x000000008b300000, 0x000000008b300000, 0x000000008b400000|  0%| F|  |TAMS 0x000000008b300000, 0x000000008b300000| Untracked 
| 180|0x000000008b400000, 0x000000008b400000, 0x000000008b500000|  0%| F|  |TAMS 0x000000008b400000, 0x000000008b400000| Untracked 
| 181|0x000000008b500000, 0x000000008b500000, 0x000000008b600000|  0%| F|  |TAMS 0x000000008b500000, 0x000000008b500000| Untracked 
| 182|0x000000008b600000, 0x000000008b6bb470, 0x000000008b700000| 73%| E|  |TAMS 0x000000008b600000, 0x000000008b600000| Complete 
| 183|0x000000008b700000, 0x000000008b800000, 0x000000008b800000|100%| E|CS|TAMS 0x000000008b700000, 0x000000008b700000| Complete 
| 184|0x000000008b800000, 0x000000008b900000, 0x000000008b900000|100%| E|CS|TAMS 0x000000008b800000, 0x000000008b800000| Complete 

Card table byte_map: [0x0000021a4e8e0000,0x0000021a4ece0000] _byte_map_base: 0x0000021a4e4e0000

Marking Bits (Prev, Next): (CMBitMap*) 0x0000021a3be3fc98, (CMBitMap*) 0x0000021a3be3fcd0
 Prev Bits: [0x0000021a4f0e0000, 0x0000021a510e0000)
 Next Bits: [0x0000021a510e0000, 0x0000021a530e0000)

Polling page: 0x0000021a39ce0000

Metaspace:

Usage:
  Non-class:     96.00 MB capacity,    94.03 MB ( 98%) used,     1.61 MB (  2%) free+waste,   368.75 KB ( <1%) overhead. 
      Class:     15.03 MB capacity,    13.89 MB ( 92%) used,  1009.32 KB (  7%) free+waste,   164.00 KB (  1%) overhead. 
       Both:    111.04 MB capacity,   107.92 MB ( 97%) used,     2.60 MB (  2%) free+waste,   532.75 KB ( <1%) overhead. 

Virtual space:
  Non-class space:       98.00 MB reserved,      96.25 MB ( 98%) committed 
      Class space:        1.00 GB reserved,      15.13 MB (  1%) committed 
             Both:        1.10 GB reserved,     111.38 MB ( 10%) committed 

Chunk freelists:
   Non-Class:  62.00 KB
       Class:  0 bytes
        Both:  62.00 KB

MaxMetaspaceSize: 17179869184.00 GB
CompressedClassSpaceSize: 1.00 GB

CodeHeap 'non-profiled nmethods': size=120064Kb used=9708Kb max_used=9708Kb free=110355Kb
 bounds [0x0000021a473a0000, 0x0000021a47d20000, 0x0000021a4e8e0000]
CodeHeap 'profiled nmethods': size=120000Kb used=35276Kb max_used=35276Kb free=84723Kb
 bounds [0x0000021a3fe70000, 0x0000021a420f0000, 0x0000021a473a0000]
CodeHeap 'non-nmethods': size=5696Kb used=2320Kb max_used=2366Kb free=3375Kb
 bounds [0x0000021a3f8e0000, 0x0000021a3fb50000, 0x0000021a3fe70000]
 total_blobs=17336 nmethods=16389 adapters=856
 compilation: enabled
              stopped_count=0, restarted_count=0
 full_count=0

Compilation events (20 events):
Event: 758.372 Thread 0x0000021a55524000 nmethod 16556 0x0000021a420e0990 code [0x0000021a420e0cc0, 0x0000021a420e20d8]
Event: 758.373 Thread 0x0000021a55ea1000 16557       4       org.gradle.internal.component.external.model.LazyVariantBackedConfigurationMetadata$RuleAwareVariant::getAttributes (5 bytes)
Event: 758.377 Thread 0x0000021a55ea1000 nmethod 16557 0x0000021a47d18b10 code [0x0000021a47d18cc0, 0x0000021a47d18f58]
Event: 758.377 Thread 0x0000021a55ea1000 16558       4       org.gradle.internal.component.external.model.LazyVariantBackedConfigurationMetadata$RuleAwareVariant::getAttributes (40 bytes)
Event: 758.378 Thread 0x0000021a55524000 16559       3       org.gradle.api.internal.artifacts.ivyservice.ivyresolve.strategy.ExactVersionSelector::accept (27 bytes)
Event: 758.378 Thread 0x0000021a55524000 nmethod 16559 0x0000021a420e2790 code [0x0000021a420e2960, 0x0000021a420e2be8]
Event: 758.382 Thread 0x0000021a55ea1000 nmethod 16558 0x0000021a47d19210 code [0x0000021a47d193c0, 0x0000021a47d19658]
Event: 758.382 Thread 0x0000021a55ea1000 16560       4       org.gradle.api.internal.artifacts.ivyservice.resolveengine.graph.builder.ResolveState$$Lambda$423/0x0000000100609040::<init> (20 bytes)
Event: 758.384 Thread 0x0000021a55ea1000 nmethod 16560 0x0000021a47d19910 code [0x0000021a47d19aa0, 0x0000021a47d19c98]
Event: 758.389 Thread 0x0000021a55ea1000 16561       4       java.lang.Math::multiplyExact (74 bytes)
Event: 758.389 Thread 0x0000021a55ea1000 nmethod 16561 0x0000021a47d19d10 code [0x0000021a47d19ea0, 0x0000021a47d19f38]
Event: 758.392 Thread 0x0000021a55ea1000 16562       4       java.time.Duration::toMillis (51 bytes)
Event: 758.393 Thread 0x0000021a55ea1000 nmethod 16562 0x0000021a47d1a010 code [0x0000021a47d1a1a0, 0x0000021a47d1a298]
Event: 758.393 Thread 0x0000021a55ea1000 16563       4       org.gradle.internal.component.model.ComponentAttributeMatcher$CachedQuery::computeHashCode (65 bytes)
Event: 758.400 Thread 0x0000021a55ea1000 nmethod 16563 0x0000021a47d1a390 code [0x0000021a47d1a560, 0x0000021a47d1a8d8]
Event: 758.401 Thread 0x0000021a55ea1000 16564       4       org.gradle.api.internal.artifacts.ivyservice.resolveengine.graph.builder.DependencyState::getModuleIdentifier (34 bytes)
Event: 758.405 Thread 0x0000021a55ea1000 nmethod 16564 0x0000021a47d1ab90 code [0x0000021a47d1ad40, 0x0000021a47d1afe8]
Event: 758.406 Thread 0x0000021a55524000 16565       3       java.util.ArrayList::hashCodeRange (68 bytes)
Event: 758.406 Thread 0x0000021a55524000 nmethod 16565 0x0000021a420e2d10 code [0x0000021a420e2f00, 0x0000021a420e3318]
Event: 758.412 Thread 0x0000021a55ea1000 16566       4       org.gradle.api.internal.artifacts.ModuleComponentSelectorSerializer::read (50 bytes)

GC Heap History (20 events):
Event: 396.637 GC heap before
{Heap before GC invocations=25 (full 0):
 garbage-first heap   total 189440K, used 151040K [0x0000000080000000, 0x0000000100000000)
  region size 1024K, 62 young (63488K), 3 survivors (3072K)
 Metaspace       used 91781K, capacity 94239K, committed 94592K, reserved 1130496K
  class space    used 11646K, capacity 12564K, committed 12672K, reserved 1048576K
}
Event: 396.662 GC heap after
{Heap after GC invocations=26 (full 0):
 garbage-first heap   total 189440K, used 97280K [0x0000000080000000, 0x0000000100000000)
  region size 1024K, 8 young (8192K), 8 survivors (8192K)
 Metaspace       used 91781K, capacity 94239K, committed 94592K, reserved 1130496K
  class space    used 11646K, capacity 12564K, committed 12672K, reserved 1048576K
}
Event: 407.047 GC heap before
{Heap before GC invocations=27 (full 0):
 garbage-first heap   total 189440K, used 155648K [0x0000000080000000, 0x0000000100000000)
  region size 1024K, 63 young (64512K), 8 survivors (8192K)
 Metaspace       used 92028K, capacity 94612K, committed 94848K, reserved 1132544K
  class space    used 11648K, capacity 12554K, committed 12672K, reserved 1048576K
}
Event: 407.073 GC heap after
{Heap after GC invocations=28 (full 0):
 garbage-first heap   total 189440K, used 101005K [0x0000000080000000, 0x0000000100000000)
  region size 1024K, 2 young (2048K), 2 survivors (2048K)
 Metaspace       used 92028K, capacity 94612K, committed 94848K, reserved 1132544K
  class space    used 11648K, capacity 12554K, committed 12672K, reserved 1048576K
}
Event: 410.134 GC heap before
{Heap before GC invocations=28 (full 0):
 garbage-first heap   total 189440K, used 108173K [0x0000000080000000, 0x0000000100000000)
  region size 1024K, 9 young (9216K), 2 survivors (2048K)
 Metaspace       used 92041K, capacity 94620K, committed 94848K, reserved 1132544K
  class space    used 11649K, capacity 12556K, committed 12672K, reserved 1048576K
}
Event: 410.147 GC heap after
{Heap after GC invocations=29 (full 0):
 garbage-first heap   total 189440K, used 96590K [0x0000000080000000, 0x0000000100000000)
  region size 1024K, 1 young (1024K), 1 survivors (1024K)
 Metaspace       used 92041K, capacity 94620K, committed 94848K, reserved 1132544K
  class space    used 11649K, capacity 12556K, committed 12672K, reserved 1048576K
}
Event: 487.278 GC heap before
{Heap before GC invocations=29 (full 0):
 garbage-first heap   total 189440K, used 149838K [0x0000000080000000, 0x0000000100000000)
  region size 1024K, 55 young (56320K), 1 survivors (1024K)
 Metaspace       used 92498K, capacity 95051K, committed 95360K, reserved 1132544K
  class space    used 11660K, capacity 12572K, committed 12672K, reserved 1048576K
}
Event: 487.299 GC heap after
{Heap after GC invocations=30 (full 0):
 garbage-first heap   total 189440K, used 102228K [0x0000000080000000, 0x0000000100000000)
  region size 1024K, 7 young (7168K), 7 survivors (7168K)
 Metaspace       used 92498K, capacity 95051K, committed 95360K, reserved 1132544K
  class space    used 11660K, capacity 12572K, committed 12672K, reserved 1048576K
}
Event: 488.720 GC heap before
{Heap before GC invocations=31 (full 0):
 garbage-first heap   total 189440K, used 154452K [0x0000000080000000, 0x0000000100000000)
  region size 1024K, 58 young (59392K), 7 survivors (7168K)
 Metaspace       used 92745K, capacity 95258K, committed 95360K, reserved 1132544K
  class space    used 11667K, capacity 12576K, committed 12672K, reserved 1048576K
}
Event: 488.746 GC heap after
{Heap after GC invocations=32 (full 0):
 garbage-first heap   total 189440K, used 102915K [0x0000000080000000, 0x0000000100000000)
  region size 1024K, 2 young (2048K), 2 survivors (2048K)
 Metaspace       used 92745K, capacity 95258K, committed 95360K, reserved 1132544K
  class space    used 11667K, capacity 12576K, committed 12672K, reserved 1048576K
}
Event: 489.545 GC heap before
{Heap before GC invocations=32 (full 0):
 garbage-first heap   total 189440K, used 109059K [0x0000000080000000, 0x0000000100000000)
  region size 1024K, 9 young (9216K), 2 survivors (2048K)
 Metaspace       used 92794K, capacity 95300K, committed 95616K, reserved 1132544K
  class space    used 11675K, capacity 12588K, committed 12672K, reserved 1048576K
}
Event: 489.569 GC heap after
{Heap after GC invocations=33 (full 0):
 garbage-first heap   total 189440K, used 95020K [0x0000000080000000, 0x0000000100000000)
  region size 1024K, 1 young (1024K), 1 survivors (1024K)
 Metaspace       used 92794K, capacity 95300K, committed 95616K, reserved 1132544K
  class space    used 11675K, capacity 12588K, committed 12672K, reserved 1048576K
}
Event: 492.864 GC heap before
{Heap before GC invocations=33 (full 0):
 garbage-first heap   total 189440K, used 152364K [0x0000000080000000, 0x0000000100000000)
  region size 1024K, 58 young (59392K), 1 survivors (1024K)
 Metaspace       used 103631K, capacity 106605K, committed 106880K, reserved 1142784K
  class space    used 13316K, capacity 14412K, committed 14464K, reserved 1048576K
}
Event: 492.879 GC heap after
{Heap after GC invocations=34 (full 0):
 garbage-first heap   total 189440K, used 96924K [0x0000000080000000, 0x0000000100000000)
  region size 1024K, 3 young (3072K), 3 survivors (3072K)
 Metaspace       used 103631K, capacity 106605K, committed 106880K, reserved 1142784K
  class space    used 13316K, capacity 14412K, committed 14464K, reserved 1048576K
}
Event: 496.213 GC heap before
{Heap before GC invocations=35 (full 0):
 garbage-first heap   total 189440K, used 154268K [0x0000000080000000, 0x0000000100000000)
  region size 1024K, 60 young (61440K), 3 survivors (3072K)
 Metaspace       used 108149K, capacity 111194K, committed 111360K, reserved 1144832K
  class space    used 13945K, capacity 15074K, committed 15104K, reserved 1048576K
}
Event: 496.237 GC heap after
{Heap after GC invocations=36 (full 0):
 garbage-first heap   total 189440K, used 99176K [0x0000000080000000, 0x0000000100000000)
  region size 1024K, 5 young (5120K), 5 survivors (5120K)
 Metaspace       used 108149K, capacity 111194K, committed 111360K, reserved 1144832K
  class space    used 13945K, capacity 15074K, committed 15104K, reserved 1048576K
}
Event: 496.396 GC heap before
{Heap before GC invocations=36 (full 0):
 garbage-first heap   total 189440K, used 102248K [0x0000000080000000, 0x0000000100000000)
  region size 1024K, 9 young (9216K), 5 survivors (5120K)
 Metaspace       used 108425K, capacity 111464K, committed 111616K, reserved 1146880K
  class space    used 13968K, capacity 15088K, committed 15104K, reserved 1048576K
}
Event: 496.418 GC heap after
{Heap after GC invocations=37 (full 0):
 garbage-first heap   total 189440K, used 94112K [0x0000000080000000, 0x0000000100000000)
  region size 1024K, 1 young (1024K), 1 survivors (1024K)
 Metaspace       used 108425K, capacity 111464K, committed 111616K, reserved 1146880K
  class space    used 13968K, capacity 15088K, committed 15104K, reserved 1048576K
}
Event: 758.218 GC heap before
{Heap before GC invocations=37 (full 0):
 garbage-first heap   total 189440K, used 181152K [0x0000000080000000, 0x0000000100000000)
  region size 1024K, 60 young (61440K), 1 survivors (1024K)
 Metaspace       used 110506K, capacity 113700K, committed 114048K, reserved 1148928K
  class space    used 14220K, capacity 15394K, committed 15488K, reserved 1048576K
}
Event: 758.241 GC heap after
{Heap after GC invocations=38 (full 0):
 garbage-first heap   total 189440K, used 98780K [0x0000000080000000, 0x0000000100000000)
  region size 1024K, 6 young (6144K), 6 survivors (6144K)
 Metaspace       used 110506K, capacity 113700K, committed 114048K, reserved 1148928K
  class space    used 14220K, capacity 15394K, committed 15488K, reserved 1048576K
}

Deoptimization events (20 events):
Event: 758.145 Thread 0x0000021a5d12d000 DEOPT PACKING pc=0x0000021a47bad8c4 sp=0x000000cd24cfb520
Event: 758.145 Thread 0x0000021a5d12d000 DEOPT UNPACKING pc=0x0000021a3f906a29 sp=0x000000cd24cfb508 mode 2
Event: 758.145 Thread 0x0000021a5d12d000 Uncommon trap: trap_request=0xffffffbe fr.pc=0x0000021a47bad8c4 relative=0x0000000000001184
Event: 758.145 Thread 0x0000021a5d12d000 Uncommon trap: reason=profile_predicate action=maybe_recompile pc=0x0000021a47bad8c4 method=org.gradle.internal.action.InstantiatingAction.execute(Ljava/lang/Object;)V @ 27 c2
Event: 758.145 Thread 0x0000021a5d12d000 DEOPT PACKING pc=0x0000021a47bad8c4 sp=0x000000cd24cfb520
Event: 758.145 Thread 0x0000021a5d12d000 DEOPT UNPACKING pc=0x0000021a3f906a29 sp=0x000000cd24cfb508 mode 2
Event: 758.177 Thread 0x0000021a5d12d000 Uncommon trap: trap_request=0xffffffbe fr.pc=0x0000021a47bad8c4 relative=0x0000000000001184
Event: 758.177 Thread 0x0000021a5d12d000 Uncommon trap: reason=profile_predicate action=maybe_recompile pc=0x0000021a47bad8c4 method=org.gradle.internal.action.InstantiatingAction.execute(Ljava/lang/Object;)V @ 27 c2
Event: 758.177 Thread 0x0000021a5d12d000 DEOPT PACKING pc=0x0000021a47bad8c4 sp=0x000000cd24cfb5c0
Event: 758.177 Thread 0x0000021a5d12d000 DEOPT UNPACKING pc=0x0000021a3f906a29 sp=0x000000cd24cfb5a8 mode 2
Event: 758.178 Thread 0x0000021a5d12d000 DEOPT PACKING pc=0x0000021a40d9a70d sp=0x000000cd24cfbc60
Event: 758.178 Thread 0x0000021a5d12d000 DEOPT UNPACKING pc=0x0000021a3f90683f sp=0x000000cd24cfb0f8 mode 0
Event: 758.192 Thread 0x0000021a5d12d000 Uncommon trap: trap_request=0xffffffbe fr.pc=0x0000021a47bad8c4 relative=0x0000000000001184
Event: 758.192 Thread 0x0000021a5d12d000 Uncommon trap: reason=profile_predicate action=maybe_recompile pc=0x0000021a47bad8c4 method=org.gradle.internal.action.InstantiatingAction.execute(Ljava/lang/Object;)V @ 27 c2
Event: 758.192 Thread 0x0000021a5d12d000 DEOPT PACKING pc=0x0000021a47bad8c4 sp=0x000000cd24cfb5c0
Event: 758.192 Thread 0x0000021a5d12d000 DEOPT UNPACKING pc=0x0000021a3f906a29 sp=0x000000cd24cfb5a8 mode 2
Event: 758.326 Thread 0x0000021a5d12d000 DEOPT PACKING pc=0x0000021a40d797e4 sp=0x000000cd24cfb8d0
Event: 758.326 Thread 0x0000021a5d12d000 DEOPT UNPACKING pc=0x0000021a3f90683f sp=0x000000cd24cfadc0 mode 0
Event: 758.372 Thread 0x0000021a5d12d000 DEOPT PACKING pc=0x0000021a40d78b65 sp=0x000000cd24cfba00
Event: 758.372 Thread 0x0000021a5d12d000 DEOPT UNPACKING pc=0x0000021a3f90683f sp=0x000000cd24cfaf18 mode 0

Classes redefined (0 events):
No events

Internal exceptions (20 events):
Event: 493.399 Thread 0x0000021a58924800 Exception <a 'java/lang/NoSuchMethodError'{0x000000008b79bb28}: <clinit>> (0x000000008b79bb28) thrown at [./src/hotspot/share/prims/jni.cpp, line 1362]
Event: 494.353 Thread 0x0000021a5d126000 Exception <a 'sun/nio/fs/WindowsException'{0x000000008b4f9838}> (0x000000008b4f9838) thrown at [./src/hotspot/share/prims/jni.cpp, line 615]
Event: 494.591 Thread 0x0000021a5d126000 Exception <a 'sun/nio/fs/WindowsException'{0x000000008af78278}> (0x000000008af78278) thrown at [./src/hotspot/share/prims/jni.cpp, line 615]
Event: 496.333 Thread 0x0000021a5d122000 Exception <a 'java/lang/NoSuchMethodError'{0x000000008b6b4050}: <clinit>> (0x000000008b6b4050) thrown at [./src/hotspot/share/prims/jni.cpp, line 1362]
Event: 496.347 Thread 0x0000021a5d122000 Exception <a 'java/lang/NoSuchMethodError'{0x000000008b6c78b8}: <clinit>> (0x000000008b6c78b8) thrown at [./src/hotspot/share/prims/jni.cpp, line 1362]
Event: 496.553 Thread 0x0000021a5d129000 Exception <a 'sun/nio/fs/WindowsException'{0x000000008b7ceba8}> (0x000000008b7ceba8) thrown at [./src/hotspot/share/prims/jni.cpp, line 615]
Event: 496.564 Thread 0x0000021a5d129000 Implicit null exception at 0x0000021a479db9a4 to 0x0000021a479ddaec
Event: 496.696 Thread 0x0000021a5d129000 Exception <a 'java/lang/NoSuchMethodError'{0x000000008b2d86c0}: 'java.lang.Object java.lang.invoke.DirectMethodHandle$Holder.invokeStatic(java.lang.Object, java.lang.Object, java.lang.Object, java.lang.Object, java.lang.Object, int, java.lang.Object)'> (0x000000008b2d86c0) thrown at [./src/hotspot/share/interpreter/linkResolver.cpp, line 773]
Event: 496.698 Thread 0x0000021a5d129000 Exception <a 'java/lang/NoSuchMethodError'{0x000000008b2dfb18}: 'java.lang.Object java.lang.invoke.Invokers$Holder.linkToTargetMethod(java.lang.Object, java.lang.Object, java.lang.Object, java.lang.Object, int, java.lang.Object, java.lang.Object)'> (0x000000008b2dfb18) thrown at [./src/hotspot/share/interpreter/linkResolver.cpp, line 773]
Event: 496.774 Thread 0x0000021a5d129000 Exception <a 'java/lang/NoSuchMethodError'{0x000000008aec6f68}: 'java.lang.Object java.lang.invoke.DirectMethodHandle$Holder.invokeStatic(java.lang.Object, java.lang.Object, java.lang.Object, java.lang.Object, java.lang.Object, java.lang.Object, java.lang.Object, int)'> (0x000000008aec6f68) thrown at [./src/hotspot/share/interpreter/linkResolver.cpp, line 773]
Event: 496.775 Thread 0x0000021a5d129000 Exception <a 'java/lang/NoSuchMethodError'{0x000000008aecb3a0}: 'java.lang.Object java.lang.invoke.DirectMethodHandle$Holder.invokeSpecial(java.lang.Object, java.lang.Object, java.lang.Object, java.lang.Object, java.lang.Object, java.lang.Object, java.lang.Object, java.lang.Object, int)'> (0x000000008aecb3a0) thrown at [./src/hotspot/share/interpreter/linkResolver.cpp, line 773]
Event: 496.776 Thread 0x0000021a5d129000 Exception <a 'java/lang/NoSuchMethodError'{0x000000008aecf158}: 'java.lang.Object java.lang.invoke.Invokers$Holder.linkToTargetMethod(java.lang.Object, java.lang.Object, java.lang.Object, java.lang.Object, java.lang.Object, java.lang.Object, int, java.lang.Object)'> (0x000000008aecf158) thrown at [./src/hotspot/share/interpreter/linkResolver.cpp, line 773]
Event: 498.097 Thread 0x0000021a5d129000 Exception <a 'java/lang/NoSuchMethodError'{0x000000008a1d6a80}: 'java.lang.Object java.lang.invoke.DirectMethodHandle$Holder.invokeVirtual(java.lang.Object, java.lang.Object, int)'> (0x000000008a1d6a80) thrown at [./src/hotspot/share/interpreter/linkResolver.cpp, line 773]
Event: 757.684 Thread 0x0000021a5d126800 Exception <a 'sun/nio/fs/WindowsException'{0x00000000888bceb8}> (0x00000000888bceb8) thrown at [./src/hotspot/share/prims/jni.cpp, line 615]
Event: 757.781 Thread 0x0000021a5d126800 Exception <a 'java/lang/NoClassDefFoundError'{0x00000000885740a8}: org/jetbrains/kotlin/gradle/plugin/KotlinBasePluginWrapper> (0x00000000885740a8) thrown at [./src/hotspot/share/oops/constantPool.cpp, line 775]
Event: 757.816 Thread 0x0000021a5d126800 Exception <a 'sun/nio/fs/WindowsException'{0x000000008843e848}> (0x000000008843e848) thrown at [./src/hotspot/share/prims/jni.cpp, line 615]
Event: 757.833 Thread 0x0000021a5d126800 Exception <a 'sun/nio/fs/WindowsException'{0x00000000884e19c8}> (0x00000000884e19c8) thrown at [./src/hotspot/share/prims/jni.cpp, line 615]
Event: 757.833 Thread 0x0000021a5d126800 Exception <a 'sun/nio/fs/WindowsException'{0x00000000884e2a98}> (0x00000000884e2a98) thrown at [./src/hotspot/share/prims/jni.cpp, line 615]
Event: 757.833 Thread 0x0000021a5d126800 Exception <a 'sun/nio/fs/WindowsException'{0x00000000884e3bb8}> (0x00000000884e3bb8) thrown at [./src/hotspot/share/prims/jni.cpp, line 615]
Event: 757.833 Thread 0x0000021a5d126800 Exception <a 'sun/nio/fs/WindowsException'{0x00000000884e4cd8}> (0x00000000884e4cd8) thrown at [./src/hotspot/share/prims/jni.cpp, line 615]

Events (20 events):
Event: 758.052 Executing VM operation: RevokeBias
Event: 758.052 Executing VM operation: RevokeBias done
Event: 758.052 Executing VM operation: RevokeBias
Event: 758.052 Executing VM operation: RevokeBias done
Event: 758.060 Executing VM operation: RevokeBias
Event: 758.061 Executing VM operation: RevokeBias done
Event: 758.106 Executing VM operation: RevokeBias
Event: 758.106 Executing VM operation: RevokeBias done
Event: 758.141 Executing VM operation: RevokeBias
Event: 758.142 Executing VM operation: RevokeBias done
Event: 758.217 Executing VM operation: G1CollectForAllocation
Event: 758.241 Executing VM operation: G1CollectForAllocation done
Event: 758.241 Executing VM operation: RevokeBias
Event: 758.242 Executing VM operation: RevokeBias done
Event: 758.287 Executing VM operation: RevokeBias
Event: 758.287 Executing VM operation: RevokeBias done
Event: 758.288 Executing VM operation: RevokeBias
Event: 758.288 Executing VM operation: RevokeBias done
Event: 758.479 Executing VM operation: CGC_Operation
Event: 758.518 Executing VM operation: CGC_Operation done


Dynamic libraries:
0x00007ff7f7c10000 - 0x00007ff7f7c1a000 	C:\Program Files\Android\Android Studio\jre\bin\java.exe
0x00007ff82dcc0000 - 0x00007ff82dead000 	C:\Windows\SYSTEM32\ntdll.dll
0x00007ff82b480000 - 0x00007ff82b533000 	C:\Windows\System32\KERNEL32.DLL
0x00007ff82ac50000 - 0x00007ff82aee3000 	C:\Windows\System32\KERNELBASE.dll
0x00007ff82ab50000 - 0x00007ff82ac4c000 	C:\Windows\System32\ucrtbase.dll
0x00007ff81d560000 - 0x00007ff81d579000 	C:\Program Files\Android\Android Studio\jre\bin\jli.dll
0x00007ff81cd20000 - 0x00007ff81cd37000 	C:\Program Files\Android\Android Studio\jre\bin\VCRUNTIME140.dll
0x00007ff82d8c0000 - 0x00007ff82da57000 	C:\Windows\System32\USER32.dll
0x00007ff82ab30000 - 0x00007ff82ab50000 	C:\Windows\System32\win32u.dll
0x00007ff82b450000 - 0x00007ff82b479000 	C:\Windows\System32\GDI32.dll
0x00007ff820370000 - 0x00007ff8205e9000 	C:\Windows\WinSxS\amd64_microsoft.windows.common-controls_6595b64144ccf1df_6.0.17763.107_none_05b63884071e656e\COMCTL32.dll
0x00007ff82a870000 - 0x00007ff82aa0a000 	C:\Windows\System32\gdi32full.dll
0x00007ff82da60000 - 0x00007ff82dafe000 	C:\Windows\System32\msvcrt.dll
0x00007ff82aa10000 - 0x00007ff82aab0000 	C:\Windows\System32\msvcp_win.dll
0x00007ff82b0c0000 - 0x00007ff82b3ee000 	C:\Windows\System32\combase.dll
0x00007ff82d790000 - 0x00007ff82d8b3000 	C:\Windows\System32\RPCRT4.dll
0x00007ff82aab0000 - 0x00007ff82ab2e000 	C:\Windows\System32\bcryptPrimitives.dll
0x00007ff82b990000 - 0x00007ff82b9be000 	C:\Windows\System32\IMM32.DLL
0x00007ff8086d0000 - 0x00007ff80876d000 	C:\Program Files\Android\Android Studio\jre\bin\msvcp140.dll
0x00007fffdbf10000 - 0x00007fffdc9df000 	C:\Program Files\Android\Android Studio\jre\bin\server\jvm.dll
0x00007ff82d030000 - 0x00007ff82d0d3000 	C:\Windows\System32\ADVAPI32.dll
0x00007ff82b540000 - 0x00007ff82b5de000 	C:\Windows\System32\sechost.dll
0x00007ff82dc80000 - 0x00007ff82dc88000 	C:\Windows\System32\PSAPI.DLL
0x00007ff823f00000 - 0x00007ff823f09000 	C:\Windows\SYSTEM32\WSOCK32.dll
0x00007ff827c00000 - 0x00007ff827c24000 	C:\Windows\SYSTEM32\WINMM.dll
0x00007ff82d710000 - 0x00007ff82d77d000 	C:\Windows\System32\WS2_32.dll
0x00007ff827bd0000 - 0x00007ff827bfd000 	C:\Windows\SYSTEM32\WINMMBASE.dll
0x00007ff82a020000 - 0x00007ff82a06a000 	C:\Windows\System32\cfgmgr32.dll
0x00007ff824660000 - 0x00007ff82466a000 	C:\Windows\SYSTEM32\VERSION.dll
0x00007ff829d70000 - 0x00007ff829d81000 	C:\Windows\System32\kernel.appcore.dll
0x00007ff822ae0000 - 0x00007ff822af1000 	C:\Program Files\Android\Android Studio\jre\bin\verify.dll
0x00007ff828a90000 - 0x00007ff828c7d000 	C:\Windows\SYSTEM32\DBGHELP.DLL
0x00007ff811f50000 - 0x00007ff811f7a000 	C:\Windows\SYSTEM32\dbgcore.DLL
0x00007ff81f430000 - 0x00007ff81f459000 	C:\Program Files\Android\Android Studio\jre\bin\java.dll
0x00007ff823080000 - 0x00007ff82308b000 	C:\Program Files\Android\Android Studio\jre\bin\jimage.dll
0x00007ff8225b0000 - 0x00007ff8225c8000 	C:\Program Files\Android\Android Studio\jre\bin\zip.dll
0x00007ff82bb40000 - 0x00007ff82d02f000 	C:\Windows\System32\SHELL32.dll
0x00007ff82db60000 - 0x00007ff82dc08000 	C:\Windows\System32\shcore.dll
0x00007ff82a070000 - 0x00007ff82a7b8000 	C:\Windows\System32\windows.storage.dll
0x00007ff829d20000 - 0x00007ff829d44000 	C:\Windows\System32\profapi.dll
0x00007ff829cc0000 - 0x00007ff829d1d000 	C:\Windows\System32\powrprof.dll
0x00007ff82db00000 - 0x00007ff82db52000 	C:\Windows\System32\shlwapi.dll
0x00007ff829fd0000 - 0x00007ff829fe7000 	C:\Windows\System32\cryptsp.dll
0x00007ff8224e0000 - 0x00007ff8224fa000 	C:\Program Files\Android\Android Studio\jre\bin\net.dll
0x00007ff820c60000 - 0x00007ff820d51000 	C:\Windows\SYSTEM32\WINHTTP.dll
0x00007ff829550000 - 0x00007ff8295b7000 	C:\Windows\system32\mswsock.dll
0x00007ff822120000 - 0x00007ff822134000 	C:\Program Files\Android\Android Studio\jre\bin\nio.dll
0x00007ff81d150000 - 0x00007ff81d177000 	C:\Users\admin\.gradle\native\8bec1ad78214c89d9ad589b4d07fe93259594b29d510b10fafb7a158f7737e5d\windows-amd64\native-platform.dll
0x00007ff80bab0000 - 0x00007ff80bbed000 	C:\Users\admin\.gradle\native\53dbd7edfb1c66fb8903c78663c9afc45aea4f116125fa6feffd364cf09443e8\windows-amd64\native-platform-file-events.dll
0x00007ff822ca0000 - 0x00007ff822caa000 	C:\Program Files\Android\Android Studio\jre\bin\management.dll
0x00007ff822780000 - 0x00007ff82278c000 	C:\Program Files\Android\Android Studio\jre\bin\management_ext.dll
0x00007ff829110000 - 0x00007ff829143000 	C:\Windows\system32\rsaenh.dll
0x00007ff829ff0000 - 0x00007ff82a016000 	C:\Windows\System32\bcrypt.dll
0x00007ff829bc0000 - 0x00007ff829be8000 	C:\Windows\SYSTEM32\USERENV.dll
0x00007ff829720000 - 0x00007ff82972c000 	C:\Windows\SYSTEM32\CRYPTBASE.dll
0x00007ff8292b0000 - 0x00007ff8292ed000 	C:\Windows\SYSTEM32\IPHLPAPI.DLL
0x00007ff82d780000 - 0x00007ff82d788000 	C:\Windows\System32\NSI.dll
0x00007ff821390000 - 0x00007ff8213a6000 	C:\Windows\SYSTEM32\dhcpcsvc6.DLL
0x00007ff821340000 - 0x00007ff82135c000 	C:\Windows\SYSTEM32\dhcpcsvc.DLL
0x00007ff829300000 - 0x00007ff8293c6000 	C:\Windows\SYSTEM32\DNSAPI.dll
0x00007ff81cd40000 - 0x00007ff81cd67000 	C:\Program Files\Android\Android Studio\jre\bin\sunec.dll

dbghelp: loaded successfully - version: 4.0.5 - missing functions: none
symbol engine: initialized successfully - sym options: 0x614 - pdb path: .;C:\Program Files\Android\Android Studio\jre\bin;C:\Windows\SYSTEM32;C:\Windows\WinSxS\amd64_microsoft.windows.common-controls_6595b64144ccf1df_6.0.17763.107_none_05b63884071e656e;C:\Program Files\Android\Android Studio\jre\bin\server;C:\Users\admin\.gradle\native\8bec1ad78214c89d9ad589b4d07fe93259594b29d510b10fafb7a158f7737e5d\windows-amd64;C:\Users\admin\.gradle\native\53dbd7edfb1c66fb8903c78663c9afc45aea4f116125fa6feffd364cf09443e8\windows-amd64

VM Arguments:
jvm_args: --add-opens=java.base/java.util=ALL-UNNAMED --add-opens=java.base/java.lang=ALL-UNNAMED --add-opens=java.base/java.lang.invoke=ALL-UNNAMED --add-opens=java.base/java.util=ALL-UNNAMED --add-opens=java.prefs/java.util.prefs=ALL-UNNAMED --add-opens=java.prefs/java.util.prefs=ALL-UNNAMED --add-opens=java.base/java.nio.charset=ALL-UNNAMED --add-opens=java.base/java.net=ALL-UNNAMED --add-opens=java.base/java.util.concurrent.atomic=ALL-UNNAMED -Xmx2048m -Dfile.encoding=UTF-8 -Duser.country=RU -Duser.language=ru -Duser.variant 
java_command: org.gradle.launcher.daemon.bootstrap.GradleDaemon 7.0.2
java_class_path (initial): C:\Users\admin\.gradle\wrapper\dists\gradle-7.0.2-bin\857tjihv64xamwrf0h14cai3r\gradle-7.0.2\lib\gradle-launcher-7.0.2.jar
Launcher Type: SUN_STANDARD

[Global flags]
     intx CICompilerCount                          = 2                                         {product} {ergonomic}
     uint ConcGCThreads                            = 1                                         {product} {ergonomic}
     uint G1ConcRefinementThreads                  = 2                                         {product} {ergonomic}
   size_t G1HeapRegionSize                         = 1048576                                   {product} {ergonomic}
    uintx GCDrainStackTargetSize                   = 64                                        {product} {ergonomic}
   size_t InitialHeapSize                          = 134217728                                 {product} {ergonomic}
   size_t MarkStackSize                            = 4194304                                   {product} {ergonomic}
   size_t MaxHeapSize                              = 2147483648                                {product} {command line}
   size_t MaxNewSize                               = 1287651328                                {product} {ergonomic}
   size_t MinHeapDeltaBytes                        = 1048576                                   {product} {ergonomic}
    uintx NonNMethodCodeHeapSize                   = 5825164                                {pd product} {ergonomic}
    uintx NonProfiledCodeHeapSize                  = 122916538                              {pd product} {ergonomic}
    uintx ProfiledCodeHeapSize                     = 122916538                              {pd product} {ergonomic}
    uintx ReservedCodeCacheSize                    = 251658240                              {pd product} {ergonomic}
     bool SegmentedCodeCache                       = true                                      {product} {ergonomic}
     bool UseCompressedClassPointers               = true                                 {lp64_product} {ergonomic}
     bool UseCompressedOops                        = true                                 {lp64_product} {ergonomic}
     bool UseG1GC                                  = true                                      {product} {ergonomic}
     bool UseLargePagesIndividualAllocation        = false                                  {pd product} {ergonomic}

Logging:
Log output configuration:
 #0: stdout all=warning uptime,level,tags
 #1: stderr all=off uptime,level,tags

Environment Variables:
PATH=C:\Program Files\PlasticSCM5\server;C:\Program Files\PlasticSCM5\client;C:\Program Files\Eclipse Adoptium\jdk-17.0.1.12-hotspot\bin;C:\Program Files (x86)\Common Files\Oracle\Java\javapath;C:\Windows\system32;C:\Windows;C:\Windows\System32\Wbem;C:\Windows\System32\WindowsPowerShell\v1.0\;C:\Windows\System32\OpenSSH\;C:\Program Files\dotnet\;C:\Program Files (x86)\Windows Kits\10\Windows Performance Toolkit\;C:\Program Files\PuTTY\;C:\Program Files (x86)\NVIDIA Corporation\PhysX\Common;C:\Program Files\Git\cmd;C:\Users\admin\AppData\Local\Programs\Python\Python38\Scripts\;C:\Users\admin\AppData\Local\Programs\Python\Python38\;C:\Users\admin\AppData\Local\Programs\Python\Python311\Scripts\;C:\Users\admin\AppData\Local\Programs\Python\Python311\;C:\Users\admin\AppData\Local\Microsoft\WindowsApps;;C:\Program Files\JetBrains\IntelliJ IDEA Community Edition 2022.2\bin;;C:\Program Files\JetBrains\JetBrains Rider 2022.2.3\bin;;E:\Microsoft VS Code\bin;C:\Users\admin\.dotnet\tools;E:\PyCharm 2022.2.3\bin;;C:\Users\admin\.fly\bin;C:\Users\admin\.dotnet\tools
USERNAME=admin
OS=Windows_NT
PROCESSOR_IDENTIFIER=AMD64 Family 16 Model 6 Stepping 2, AuthenticAMD



---------------  S Y S T E M  ---------------

OS: Windows 10 , 64 bit Build 17763 (10.0.17763.1)
OS uptime: 1 days 19:17 hours

CPU:total 2 (initial active 2) (2 cores per cpu, 1 threads per core) family 16 model 6 stepping 2 microcode 0x0, cmov, cx8, fxsr, mmx, sse, sse2, sse3, popcnt, mmxext, 3dnowpref, lzcnt, sse4a, tsc, tscinvbit, tscinv

Memory: 4k page, system-wide physical 8189M (1168M free)
TotalPageFile size 8989M (AvailPageFile size 5M)
current process WorkingSet (physical memory assigned to process): 466M, peak: 473M
current process commit charge ("private bytes"): 488M, peak: 494M

vm_info: OpenJDK 64-Bit Server VM (11.0.10+0-b96-7249189) for windows-amd64 JRE (11.0.10+0-b96-7249189), built on Mar 31 2021 21:44:00 by "builder" with MS VC++ 14.0 (VS2015)

END.
