#
# There is insufficient memory for the Java Runtime Environment to continue.
# Native memory allocation (malloc) failed to allocate 32744 bytes for ChunkPool::allocate
# Possible reasons:
#   The system is out of physical RAM or swap space
#   The process is running with CompressedOops enabled, and the Java Heap may be blocking the growth of the native heap
# Possible solutions:
#   Reduce memory load on the system
#   Increase physical memory or swap space
#   Check if swap backing store is full
#   Decrease Java heap size (-Xmx/-Xms)
#   Decrease number of Java threads
#   Decrease Java thread stack sizes (-Xss)
#   Set larger code cache with -XX:ReservedCodeCacheSize=
#   JVM is running with Unscaled Compressed Oops mode in which the Java heap is
#     placed in the first 4GB address space. The Java Heap base address is the
#     maximum limit for the native heap growth. Please use -XX:HeapBaseMinAddress
#     to set the Java Heap base and to place the Java Heap above 4GB virtual address.
# This output file may be truncated or incomplete.
#
#  Out of Memory Error (./src/hotspot/share/memory/arena.cpp:81), pid=9396, tid=3404
#
# JRE version: OpenJDK Runtime Environment (11.0.10) (build 11.0.10+0-b96-7249189)
# Java VM: OpenJDK 64-Bit Server VM (11.0.10+0-b96-7249189, mixed mode, tiered, compressed oops, g1 gc, windows-amd64)
# No core dump will be written. Minidumps are not enabled by default on client versions of Windows
#

---------------  S U M M A R Y ------------

Command Line: --add-opens=java.base/java.util=ALL-UNNAMED --add-opens=java.base/java.lang=ALL-UNNAMED --add-opens=java.base/java.lang.invoke=ALL-UNNAMED --add-opens=java.base/java.util=ALL-UNNAMED --add-opens=java.prefs/java.util.prefs=ALL-UNNAMED --add-opens=java.prefs/java.util.prefs=ALL-UNNAMED --add-opens=java.base/java.nio.charset=ALL-UNNAMED --add-opens=java.base/java.net=ALL-UNNAMED --add-opens=java.base/java.util.concurrent.atomic=ALL-UNNAMED -Xmx2048m -Dfile.encoding=UTF-8 -Duser.country=RU -Duser.language=ru -Duser.variant org.gradle.launcher.daemon.bootstrap.GradleDaemon 7.0.2

Host: AMD Athlon(tm) II X2 240 Processor, 2 cores, 7G,  Windows 10 , 64 bit Build 17763 (10.0.17763.1)
Time: Fri Jun  2 22:07:45 2023 RTZ 4 (ceia) elapsed time: 58.661556 seconds (0d 0h 0m 58s)

---------------  T H R E A D  ---------------

Current thread (0x000001075b879800):  JavaThread "C2 CompilerThread0" daemon [_thread_in_native, id=3404, stack(0x000000050a900000,0x000000050aa00000)]


Current CompileTask:
C2:  58661 13567 %     4       com.android.tools.r8.ir.regalloc.a::a @ 1405 (3985 bytes)

Stack: [0x000000050a900000,0x000000050aa00000]
Native frames: (J=compiled Java code, j=interpreted, Vv=VM code, C=native code)
V  [jvm.dll+0x5ecfaa]
V  [jvm.dll+0x722bd5]
V  [jvm.dll+0x72412d]
V  [jvm.dll+0x7247e3]
V  [jvm.dll+0x242928]
V  [jvm.dll+0xbc75b]
V  [jvm.dll+0xbca0c]
V  [jvm.dll+0x35814c]
V  [jvm.dll+0x4eaafe]
V  [jvm.dll+0x4e9f13]
V  [jvm.dll+0x4ea89b]
V  [jvm.dll+0x320b02]
V  [jvm.dll+0x31ffca]
V  [jvm.dll+0x1fb602]
V  [jvm.dll+0x1fa7f4]
V  [jvm.dll+0x18354c]
V  [jvm.dll+0x208ee7]
V  [jvm.dll+0x207731]
V  [jvm.dll+0x6eb1cf]
V  [jvm.dll+0x6e3d45]
V  [jvm.dll+0x5ebe96]
C  [ucrtbase.dll+0x203ba]
C  [KERNEL32.DLL+0x17e94]
C  [ntdll.dll+0x67ad1]


---------------  P R O C E S S  ---------------

Threads class SMR info:
_java_thread_list=0x0000010764168ee0, length=43, elements={
0x00000107421af800, 0x000001075b869800, 0x000001075b86c800, 0x000001075b8a7800,
0x000001075b8aa800, 0x000001075b8ab800, 0x000001075b879800, 0x000001075b87f000,
0x000001075b896000, 0x000001075c342800, 0x000001075d6fb800, 0x000001075d78d000,
0x000001075d104000, 0x000001075da0a000, 0x000001075d116800, 0x000001075d3ba800,
0x000001075d752800, 0x000001075d695000, 0x000001075d985000, 0x000001075d984800,
0x000001075d97f800, 0x000001075d981000, 0x000001075d982000, 0x000001075d983000,
0x000001075d983800, 0x000001075d986000, 0x000001075d980800, 0x000001075d19f000,
0x000001075d1a4000, 0x000001075d19e000, 0x000001075d1a3000, 0x000001075d1a4800,
0x000001075d1a5800, 0x000001075d1a6800, 0x000001075d1a2000, 0x000001075d1a7000,
0x000001075d1a1800, 0x000001075d1a8000, 0x000001075d1a8800, 0x000001075d1a9800,
0x000001075d1aa800, 0x000001075d1ab000, 0x000001075d1ac000
}

Java Threads: ( => current thread )
  0x00000107421af800 JavaThread "main" [_thread_blocked, id=3608, stack(0x0000000509d00000,0x0000000509e00000)]
  0x000001075b869800 JavaThread "Reference Handler" daemon [_thread_blocked, id=7432, stack(0x000000050a400000,0x000000050a500000)]
  0x000001075b86c800 JavaThread "Finalizer" daemon [_thread_blocked, id=10120, stack(0x000000050a500000,0x000000050a600000)]
  0x000001075b8a7800 JavaThread "Signal Dispatcher" daemon [_thread_blocked, id=9244, stack(0x000000050a600000,0x000000050a700000)]
  0x000001075b8aa800 JavaThread "Attach Listener" daemon [_thread_blocked, id=10268, stack(0x000000050a700000,0x000000050a800000)]
  0x000001075b8ab800 JavaThread "Service Thread" daemon [_thread_blocked, id=3476, stack(0x000000050a800000,0x000000050a900000)]
=>0x000001075b879800 JavaThread "C2 CompilerThread0" daemon [_thread_in_native, id=3404, stack(0x000000050a900000,0x000000050aa00000)]
  0x000001075b87f000 JavaThread "C1 CompilerThread0" daemon [_thread_blocked, id=9564, stack(0x000000050aa00000,0x000000050ab00000)]
  0x000001075b896000 JavaThread "Sweeper thread" daemon [_thread_blocked, id=6864, stack(0x000000050ab00000,0x000000050ac00000)]
  0x000001075c342800 JavaThread "Common-Cleaner" daemon [_thread_blocked, id=7288, stack(0x000000050ac00000,0x000000050ad00000)]
  0x000001075d6fb800 JavaThread "Daemon health stats" [_thread_blocked, id=3416, stack(0x000000050af00000,0x000000050b000000)]
  0x000001075d78d000 JavaThread "Incoming local TCP Connector on port 52202" [_thread_in_native, id=11064, stack(0x000000050b000000,0x000000050b100000)]
  0x000001075d104000 JavaThread "Daemon" [_thread_blocked, id=4904, stack(0x000000050b200000,0x000000050b300000)]
  0x000001075da0a000 JavaThread "Daemon periodic checks" [_thread_blocked, id=5072, stack(0x000000050b300000,0x000000050b400000)]
  0x000001075d116800 JavaThread "Handler for socket connection from /127.0.0.1:52202 to /127.0.0.1:52203" [_thread_in_native, id=9484, stack(0x000000050b400000,0x000000050b500000)]
  0x000001075d3ba800 JavaThread "Cancel handler" [_thread_blocked, id=8152, stack(0x000000050b500000,0x000000050b600000)]
  0x000001075d752800 JavaThread "Daemon worker" [_thread_in_Java, id=9268, stack(0x000000050b600000,0x000000050b700000)]
  0x000001075d695000 JavaThread "Asynchronous log dispatcher for DefaultDaemonConnection: socket connection from /127.0.0.1:52202 to /127.0.0.1:52203" [_thread_blocked, id=9132, stack(0x000000050b700000,0x000000050b800000)]
  0x000001075d985000 JavaThread "Stdin handler" [_thread_blocked, id=8092, stack(0x000000050b800000,0x000000050b900000)]
  0x000001075d984800 JavaThread "Daemon client event forwarder" [_thread_blocked, id=6256, stack(0x000000050b900000,0x000000050ba00000)]
  0x000001075d97f800 JavaThread "Cache worker for file hash cache (C:\Users\admin\.gradle\caches\7.0.2\fileHashes)" [_thread_blocked, id=5660, stack(0x000000050ba00000,0x000000050bb00000)]
  0x000001075d981000 JavaThread "File lock request listener" [_thread_in_native, id=8788, stack(0x000000050bb00000,0x000000050bc00000)]
  0x000001075d982000 JavaThread "Cache worker for journal cache (C:\Users\admin\.gradle\caches\journal-1)" [_thread_blocked, id=3704, stack(0x000000050bc00000,0x000000050bd00000)]
  0x000001075d983000 JavaThread "Cache worker for file hash cache (C:\Users\admin\AndroidStudioProjects\GPSgame\.gradle\7.0.2\fileHashes)" [_thread_blocked, id=9980, stack(0x000000050bd00000,0x000000050be00000)]
  0x000001075d983800 JavaThread "File watcher server" daemon [_thread_in_native, id=7520, stack(0x000000050be00000,0x000000050bf00000)]
  0x000001075d986000 JavaThread "File watcher consumer" daemon [_thread_blocked, id=10040, stack(0x000000050bf00000,0x000000050c000000)]
  0x000001075d980800 JavaThread "Cache worker for checksums cache (C:\Users\admin\AndroidStudioProjects\GPSgame\.gradle\checksums)" [_thread_blocked, id=3020, stack(0x000000050c000000,0x000000050c100000)]
  0x000001075d19f000 JavaThread "Cache worker for cache directory md-supplier (C:\Users\admin\.gradle\caches\7.0.2\md-supplier)" [_thread_blocked, id=2868, stack(0x000000050c100000,0x000000050c200000)]
  0x000001075d1a4000 JavaThread "Cache worker for cache directory md-rule (C:\Users\admin\.gradle\caches\7.0.2\md-rule)" [_thread_blocked, id=4156, stack(0x000000050c200000,0x000000050c300000)]
  0x000001075d19e000 JavaThread "Cache worker for execution history cache (C:\Users\admin\.gradle\caches\7.0.2\executionHistory)" [_thread_blocked, id=7348, stack(0x000000050c300000,0x000000050c400000)]
  0x000001075d1a3000 JavaThread "jar transforms" [_thread_blocked, id=6636, stack(0x000000050c400000,0x000000050c500000)]
  0x000001075d1a4800 JavaThread "jar transforms Thread 2" [_thread_blocked, id=5268, stack(0x000000050c500000,0x000000050c600000)]
  0x000001075d1a5800 JavaThread "Cache worker for file content cache (C:\Users\admin\.gradle\caches\7.0.2\fileContent)" [_thread_blocked, id=10432, stack(0x000000050c600000,0x000000050c700000)]
  0x000001075d1a6800 JavaThread "Cache worker for dependencies-accessors (C:\Users\admin\AndroidStudioProjects\GPSgame\.gradle\7.0.2\dependencies-accessors)" [_thread_blocked, id=9864, stack(0x000000050c700000,0x000000050c800000)]
  0x000001075d1a2000 JavaThread "Cache worker for Build Output Cleanup Cache (C:\Users\admin\AndroidStudioProjects\GPSgame\.gradle\buildOutputCleanup)" [_thread_blocked, id=9252, stack(0x000000050c800000,0x000000050c900000)]
  0x000001075d1a7000 JavaThread "Build operations" [_thread_in_Java, id=4868, stack(0x000000050c900000,0x000000050ca00000)]
  0x000001075d1a1800 JavaThread "Build operations Thread 2" [_thread_blocked, id=9324, stack(0x000000050ca00000,0x000000050cb00000)]
  0x000001075d1a8000 JavaThread "Memory manager" [_thread_blocked, id=8756, stack(0x000000050cb00000,0x000000050cc00000)]
  0x000001075d1a8800 JavaThread "build event listener" [_thread_blocked, id=316, stack(0x000000050cc00000,0x000000050cd00000)]
  0x000001075d1a9800 JavaThread "Execution worker for ':'" [_thread_blocked, id=10940, stack(0x000000050cd00000,0x000000050ce00000)]
  0x000001075d1aa800 JavaThread "Cache worker for execution history cache (C:\Users\admin\AndroidStudioProjects\GPSgame\.gradle\7.0.2\executionHistory)" [_thread_blocked, id=7588, stack(0x000000050ce00000,0x000000050cf00000)]
  0x000001075d1ab000 JavaThread "WorkerExecutor Queue" [_thread_blocked, id=1144, stack(0x000000050d100000,0x000000050d200000)]
  0x000001075d1ac000 JavaThread "WorkerExecutor Queue Thread 2" [_thread_blocked, id=164, stack(0x000000050d200000,0x000000050d300000)]

Other Threads:
  0x000001075b865800 VMThread "VM Thread" [stack: 0x000000050a300000,0x000000050a400000] [id=9692]
  0x000001075c361800 WatcherThread [stack: 0x000000050ad00000,0x000000050ae00000] [id=580]
  0x00000107421c6800 GCTaskThread "GC Thread#0" [stack: 0x0000000509e00000,0x0000000509f00000] [id=3760]
  0x000001075c41e000 GCTaskThread "GC Thread#1" [stack: 0x000000050ae00000,0x000000050af00000] [id=7192]
  0x00000107421f8800 ConcurrentGCThread "G1 Main Marker" [stack: 0x0000000509f00000,0x000000050a000000] [id=9608]
  0x00000107421fc800 ConcurrentGCThread "G1 Conc#0" [stack: 0x000000050a000000,0x000000050a100000] [id=9320]
  0x000001075b6c0800 ConcurrentGCThread "G1 Refine#0" [stack: 0x000000050a100000,0x000000050a200000] [id=10860]
  0x000001075cb6c800 ConcurrentGCThread "G1 Refine#1" [stack: 0x000000050b100000,0x000000050b200000] [id=7364]
  0x000001075b6c1800 ConcurrentGCThread "G1 Young RemSet Sampling" [stack: 0x000000050a200000,0x000000050a300000] [id=8936]

Threads with active compile tasks:
C2 CompilerThread0  58735 13567 %     4       com.android.tools.r8.ir.regalloc.a::a @ 1405 (3985 bytes)

VM state:not at safepoint (normal execution)

VM Mutex/Monitor currently owned by a thread: None

Heap address: 0x0000000080000000, size: 2048 MB, Compressed Oops mode: 32-bit
Narrow klass base: 0x0000000000000000, Narrow klass shift: 3
Compressed class space size: 1073741824 Address: 0x0000000100000000

Heap:
 garbage-first heap   total 189440K, used 118401K [0x0000000080000000, 0x0000000100000000)
  region size 1024K, 23 young (23552K), 4 survivors (4096K)
 Metaspace       used 99709K, capacity 102159K, committed 102360K, reserved 1138688K
  class space    used 12803K, capacity 13694K, committed 13784K, reserved 1048576K
Heap Regions: E=young(eden), S=young(survivor), O=old, HS=humongous(starts), HC=humongous(continues), CS=collection set, F=free, A=archive, TAMS=top-at-mark-start (previous, next)
|   0|0x0000000080000000, 0x0000000080100000, 0x0000000080100000|100%| O|  |TAMS 0x0000000080100000, 0x0000000080000000| Untracked 
|   1|0x0000000080100000, 0x0000000080200000, 0x0000000080200000|100%| O|  |TAMS 0x0000000080200000, 0x0000000080100000| Untracked 
|   2|0x0000000080200000, 0x0000000080300000, 0x0000000080300000|100%| O|  |TAMS 0x0000000080300000, 0x0000000080200000| Untracked 
|   3|0x0000000080300000, 0x0000000080400000, 0x0000000080400000|100%| O|  |TAMS 0x0000000080400000, 0x0000000080300000| Untracked 
|   4|0x0000000080400000, 0x0000000080500000, 0x0000000080500000|100%|HS|  |TAMS 0x0000000080500000, 0x0000000080400000| Complete 
|   5|0x0000000080500000, 0x0000000080600000, 0x0000000080600000|100%|HC|  |TAMS 0x0000000080600000, 0x0000000080500000| Complete 
|   6|0x0000000080600000, 0x0000000080700000, 0x0000000080700000|100%|HC|  |TAMS 0x0000000080700000, 0x0000000080600000| Complete 
|   7|0x0000000080700000, 0x0000000080800000, 0x0000000080800000|100%| O|  |TAMS 0x0000000080800000, 0x0000000080700000| Untracked 
|   8|0x0000000080800000, 0x0000000080900000, 0x0000000080900000|100%| O|  |TAMS 0x0000000080900000, 0x0000000080800000| Untracked 
|   9|0x0000000080900000, 0x0000000080a00000, 0x0000000080a00000|100%| O|  |TAMS 0x0000000080a00000, 0x0000000080900000| Untracked 
|  10|0x0000000080a00000, 0x0000000080b00000, 0x0000000080b00000|100%| O|  |TAMS 0x0000000080b00000, 0x0000000080a00000| Untracked 
|  11|0x0000000080b00000, 0x0000000080c00000, 0x0000000080c00000|100%| O|  |TAMS 0x0000000080c00000, 0x0000000080b00000| Untracked 
|  12|0x0000000080c00000, 0x0000000080d00000, 0x0000000080d00000|100%| O|  |TAMS 0x0000000080d00000, 0x0000000080c00000| Untracked 
|  13|0x0000000080d00000, 0x0000000080e00000, 0x0000000080e00000|100%| O|  |TAMS 0x0000000080e00000, 0x0000000080d00000| Untracked 
|  14|0x0000000080e00000, 0x0000000080f00000, 0x0000000080f00000|100%| O|  |TAMS 0x0000000080f00000, 0x0000000080e00000| Untracked 
|  15|0x0000000080f00000, 0x0000000081000000, 0x0000000081000000|100%| O|  |TAMS 0x0000000081000000, 0x0000000080f00000| Untracked 
|  16|0x0000000081000000, 0x0000000081100000, 0x0000000081100000|100%|HS|  |TAMS 0x0000000081100000, 0x0000000081000000| Complete 
|  17|0x0000000081100000, 0x0000000081200000, 0x0000000081200000|100%| O|  |TAMS 0x0000000081200000, 0x0000000081100000| Untracked 
|  18|0x0000000081200000, 0x0000000081300000, 0x0000000081300000|100%| O|  |TAMS 0x0000000081300000, 0x0000000081200000| Untracked 
|  19|0x0000000081300000, 0x0000000081400000, 0x0000000081400000|100%| O|  |TAMS 0x0000000081400000, 0x0000000081300000| Untracked 
|  20|0x0000000081400000, 0x0000000081500000, 0x0000000081500000|100%| O|  |TAMS 0x0000000081500000, 0x0000000081400000| Untracked 
|  21|0x0000000081500000, 0x0000000081600000, 0x0000000081600000|100%| O|  |TAMS 0x0000000081600000, 0x0000000081500000| Untracked 
|  22|0x0000000081600000, 0x0000000081700000, 0x0000000081700000|100%| O|  |TAMS 0x0000000081700000, 0x0000000081600000| Untracked 
|  23|0x0000000081700000, 0x0000000081800000, 0x0000000081800000|100%| O|  |TAMS 0x0000000081800000, 0x0000000081700000| Untracked 
|  24|0x0000000081800000, 0x0000000081900000, 0x0000000081900000|100%| O|  |TAMS 0x0000000081900000, 0x0000000081800000| Untracked 
|  25|0x0000000081900000, 0x0000000081a00000, 0x0000000081a00000|100%| O|  |TAMS 0x0000000081a00000, 0x0000000081900000| Untracked 
|  26|0x0000000081a00000, 0x0000000081b00000, 0x0000000081b00000|100%| O|  |TAMS 0x0000000081b00000, 0x0000000081a00000| Untracked 
|  27|0x0000000081b00000, 0x0000000081c00000, 0x0000000081c00000|100%| O|  |TAMS 0x0000000081c00000, 0x0000000081b00000| Untracked 
|  28|0x0000000081c00000, 0x0000000081d00000, 0x0000000081d00000|100%|HS|  |TAMS 0x0000000081d00000, 0x0000000081c00000| Complete 
|  29|0x0000000081d00000, 0x0000000081e00000, 0x0000000081e00000|100%|HS|  |TAMS 0x0000000081e00000, 0x0000000081d00000| Complete 
|  30|0x0000000081e00000, 0x0000000081f00000, 0x0000000081f00000|100%|HC|  |TAMS 0x0000000081f00000, 0x0000000081e00000| Complete 
|  31|0x0000000081f00000, 0x0000000082000000, 0x0000000082000000|100%| O|  |TAMS 0x0000000082000000, 0x0000000081f00000| Untracked 
|  32|0x0000000082000000, 0x0000000082100000, 0x0000000082100000|100%| O|  |TAMS 0x0000000082100000, 0x0000000082000000| Untracked 
|  33|0x0000000082100000, 0x0000000082200000, 0x0000000082200000|100%| O|  |TAMS 0x0000000082200000, 0x0000000082100000| Untracked 
|  34|0x0000000082200000, 0x0000000082300000, 0x0000000082300000|100%| O|  |TAMS 0x0000000082300000, 0x0000000082200000| Untracked 
|  35|0x0000000082300000, 0x0000000082400000, 0x0000000082400000|100%| O|  |TAMS 0x0000000082400000, 0x0000000082300000| Untracked 
|  36|0x0000000082400000, 0x0000000082500000, 0x0000000082500000|100%| O|  |TAMS 0x0000000082500000, 0x0000000082400000| Untracked 
|  37|0x0000000082500000, 0x0000000082600000, 0x0000000082600000|100%| O|  |TAMS 0x0000000082600000, 0x0000000082500000| Untracked 
|  38|0x0000000082600000, 0x0000000082700000, 0x0000000082700000|100%| O|  |TAMS 0x0000000082700000, 0x0000000082600000| Untracked 
|  39|0x0000000082700000, 0x0000000082800000, 0x0000000082800000|100%| O|  |TAMS 0x0000000082800000, 0x0000000082700000| Untracked 
|  40|0x0000000082800000, 0x0000000082900000, 0x0000000082900000|100%| O|  |TAMS 0x0000000082900000, 0x0000000082800000| Untracked 
|  41|0x0000000082900000, 0x0000000082a00000, 0x0000000082a00000|100%| O|  |TAMS 0x0000000082a00000, 0x0000000082900000| Untracked 
|  42|0x0000000082a00000, 0x0000000082b00000, 0x0000000082b00000|100%| O|  |TAMS 0x0000000082b00000, 0x0000000082a00000| Untracked 
|  43|0x0000000082b00000, 0x0000000082c00000, 0x0000000082c00000|100%| O|  |TAMS 0x0000000082c00000, 0x0000000082b00000| Untracked 
|  44|0x0000000082c00000, 0x0000000082d00000, 0x0000000082d00000|100%| O|  |TAMS 0x0000000082d00000, 0x0000000082c00000| Untracked 
|  45|0x0000000082d00000, 0x0000000082e00000, 0x0000000082e00000|100%| O|  |TAMS 0x0000000082e00000, 0x0000000082d00000| Untracked 
|  46|0x0000000082e00000, 0x0000000082f00000, 0x0000000082f00000|100%| O|  |TAMS 0x0000000082f00000, 0x0000000082e00000| Untracked 
|  47|0x0000000082f00000, 0x0000000083000000, 0x0000000083000000|100%| O|  |TAMS 0x0000000083000000, 0x0000000082f00000| Untracked 
|  48|0x0000000083000000, 0x0000000083100000, 0x0000000083100000|100%| O|  |TAMS 0x0000000083100000, 0x0000000083000000| Untracked 
|  49|0x0000000083100000, 0x0000000083200000, 0x0000000083200000|100%| O|  |TAMS 0x0000000083200000, 0x0000000083100000| Untracked 
|  50|0x0000000083200000, 0x0000000083300000, 0x0000000083300000|100%| O|  |TAMS 0x0000000083300000, 0x0000000083200000| Untracked 
|  51|0x0000000083300000, 0x0000000083400000, 0x0000000083400000|100%| O|  |TAMS 0x0000000083400000, 0x0000000083300000| Untracked 
|  52|0x0000000083400000, 0x0000000083500000, 0x0000000083500000|100%| O|  |TAMS 0x0000000083500000, 0x0000000083400000| Untracked 
|  53|0x0000000083500000, 0x0000000083600000, 0x0000000083600000|100%| O|  |TAMS 0x0000000083600000, 0x0000000083500000| Untracked 
|  54|0x0000000083600000, 0x0000000083700000, 0x0000000083700000|100%| O|  |TAMS 0x0000000083700000, 0x0000000083600000| Untracked 
|  55|0x0000000083700000, 0x0000000083800000, 0x0000000083800000|100%| O|  |TAMS 0x0000000083800000, 0x0000000083700000| Untracked 
|  56|0x0000000083800000, 0x0000000083900000, 0x0000000083900000|100%| O|  |TAMS 0x0000000083900000, 0x0000000083800000| Untracked 
|  57|0x0000000083900000, 0x0000000083a00000, 0x0000000083a00000|100%| O|  |TAMS 0x0000000083a00000, 0x0000000083900000| Untracked 
|  58|0x0000000083a00000, 0x0000000083b00000, 0x0000000083b00000|100%| O|  |TAMS 0x0000000083b00000, 0x0000000083a00000| Untracked 
|  59|0x0000000083b00000, 0x0000000083c00000, 0x0000000083c00000|100%| O|  |TAMS 0x0000000083c00000, 0x0000000083b00000| Untracked 
|  60|0x0000000083c00000, 0x0000000083d00000, 0x0000000083d00000|100%| O|  |TAMS 0x0000000083d00000, 0x0000000083c00000| Untracked 
|  61|0x0000000083d00000, 0x0000000083e00000, 0x0000000083e00000|100%| O|  |TAMS 0x0000000083e00000, 0x0000000083d00000| Untracked 
|  62|0x0000000083e00000, 0x0000000083f00000, 0x0000000083f00000|100%| O|  |TAMS 0x0000000083f00000, 0x0000000083e00000| Untracked 
|  63|0x0000000083f00000, 0x0000000084000000, 0x0000000084000000|100%| O|  |TAMS 0x0000000084000000, 0x0000000083f00000| Untracked 
|  64|0x0000000084000000, 0x0000000084100000, 0x0000000084100000|100%| O|  |TAMS 0x0000000084100000, 0x0000000084000000| Untracked 
|  65|0x0000000084100000, 0x0000000084200000, 0x0000000084200000|100%| O|  |TAMS 0x0000000084200000, 0x0000000084100000| Untracked 
|  66|0x0000000084200000, 0x0000000084300000, 0x0000000084300000|100%| O|  |TAMS 0x0000000084300000, 0x0000000084200000| Untracked 
|  67|0x0000000084300000, 0x0000000084400000, 0x0000000084400000|100%| O|  |TAMS 0x0000000084400000, 0x0000000084300000| Untracked 
|  68|0x0000000084400000, 0x0000000084500000, 0x0000000084500000|100%| O|  |TAMS 0x0000000084500000, 0x0000000084400000| Untracked 
|  69|0x0000000084500000, 0x0000000084600000, 0x0000000084600000|100%| O|  |TAMS 0x0000000084600000, 0x0000000084500000| Untracked 
|  70|0x0000000084600000, 0x0000000084700000, 0x0000000084700000|100%| O|  |TAMS 0x0000000084700000, 0x0000000084600000| Untracked 
|  71|0x0000000084700000, 0x0000000084800000, 0x0000000084800000|100%| O|  |TAMS 0x0000000084800000, 0x0000000084700000| Untracked 
|  72|0x0000000084800000, 0x0000000084900000, 0x0000000084900000|100%| O|  |TAMS 0x0000000084900000, 0x0000000084800000| Untracked 
|  73|0x0000000084900000, 0x0000000084a00000, 0x0000000084a00000|100%| O|  |TAMS 0x0000000084a00000, 0x0000000084900000| Untracked 
|  74|0x0000000084a00000, 0x0000000084b00000, 0x0000000084b00000|100%| O|  |TAMS 0x0000000084b00000, 0x0000000084a00000| Untracked 
|  75|0x0000000084b00000, 0x0000000084c00000, 0x0000000084c00000|100%| O|  |TAMS 0x0000000084c00000, 0x0000000084b00000| Untracked 
|  76|0x0000000084c00000, 0x0000000084d00000, 0x0000000084d00000|100%| O|  |TAMS 0x0000000084d00000, 0x0000000084c00000| Untracked 
|  77|0x0000000084d00000, 0x0000000084e00000, 0x0000000084e00000|100%| O|  |TAMS 0x0000000084e00000, 0x0000000084d00000| Untracked 
|  78|0x0000000084e00000, 0x0000000084f00000, 0x0000000084f00000|100%| O|  |TAMS 0x0000000084f00000, 0x0000000084e00000| Untracked 
|  79|0x0000000084f00000, 0x0000000085000000, 0x0000000085000000|100%| O|  |TAMS 0x0000000085000000, 0x0000000084f00000| Untracked 
|  80|0x0000000085000000, 0x0000000085100000, 0x0000000085100000|100%| O|  |TAMS 0x0000000085100000, 0x0000000085000000| Untracked 
|  81|0x0000000085100000, 0x0000000085200000, 0x0000000085200000|100%| O|  |TAMS 0x0000000085200000, 0x0000000085100000| Untracked 
|  82|0x0000000085200000, 0x0000000085300000, 0x0000000085300000|100%| O|  |TAMS 0x0000000085300000, 0x0000000085200000| Untracked 
|  83|0x0000000085300000, 0x0000000085400000, 0x0000000085400000|100%| O|  |TAMS 0x0000000085400000, 0x0000000085300000| Untracked 
|  84|0x0000000085400000, 0x0000000085500000, 0x0000000085500000|100%| O|  |TAMS 0x0000000085500000, 0x0000000085400000| Untracked 
|  85|0x0000000085500000, 0x0000000085600000, 0x0000000085600000|100%| O|  |TAMS 0x0000000085600000, 0x0000000085500000| Untracked 
|  86|0x0000000085600000, 0x0000000085700000, 0x0000000085700000|100%| O|  |TAMS 0x0000000085700000, 0x0000000085600000| Untracked 
|  87|0x0000000085700000, 0x0000000085800000, 0x0000000085800000|100%| O|  |TAMS 0x0000000085800000, 0x0000000085700000| Untracked 
|  88|0x0000000085800000, 0x0000000085900000, 0x0000000085900000|100%| O|  |TAMS 0x0000000085900000, 0x0000000085800000| Untracked 
|  89|0x0000000085900000, 0x0000000085a00000, 0x0000000085a00000|100%| O|  |TAMS 0x0000000085a00000, 0x0000000085900000| Untracked 
|  90|0x0000000085a00000, 0x0000000085b00000, 0x0000000085b00000|100%| O|  |TAMS 0x0000000085b00000, 0x0000000085a00000| Untracked 
|  91|0x0000000085b00000, 0x0000000085c00000, 0x0000000085c00000|100%| O|  |TAMS 0x0000000085c00000, 0x0000000085b00000| Untracked 
|  92|0x0000000085c00000, 0x0000000085d00000, 0x0000000085d00000|100%| O|  |TAMS 0x0000000085d00000, 0x0000000085c00000| Untracked 
|  93|0x0000000085d00000, 0x0000000085e00000, 0x0000000085e00000|100%| O|  |TAMS 0x0000000085e00000, 0x0000000085d00000| Untracked 
|  94|0x0000000085e00000, 0x0000000085e00000, 0x0000000085f00000|  0%| F|  |TAMS 0x0000000085e00000, 0x0000000085e00000| Untracked 
|  95|0x0000000085f00000, 0x0000000085f00000, 0x0000000086000000|  0%| F|  |TAMS 0x0000000085f00000, 0x0000000085f00000| Untracked 
|  96|0x0000000086000000, 0x0000000086000000, 0x0000000086100000|  0%| F|  |TAMS 0x0000000086000000, 0x0000000086000000| Untracked 
|  97|0x0000000086100000, 0x0000000086100000, 0x0000000086200000|  0%| F|  |TAMS 0x0000000086100000, 0x0000000086100000| Untracked 
|  98|0x0000000086200000, 0x0000000086200000, 0x0000000086300000|  0%| F|  |TAMS 0x0000000086200000, 0x0000000086200000| Untracked 
|  99|0x0000000086300000, 0x0000000086300000, 0x0000000086400000|  0%| F|  |TAMS 0x0000000086300000, 0x0000000086300000| Untracked 
| 100|0x0000000086400000, 0x0000000086400000, 0x0000000086500000|  0%| F|  |TAMS 0x0000000086400000, 0x0000000086400000| Untracked 
| 101|0x0000000086500000, 0x0000000086500000, 0x0000000086600000|  0%| F|  |TAMS 0x0000000086500000, 0x0000000086500000| Untracked 
| 102|0x0000000086600000, 0x0000000086600000, 0x0000000086700000|  0%| F|  |TAMS 0x0000000086600000, 0x0000000086600000| Untracked 
| 103|0x0000000086700000, 0x0000000086700000, 0x0000000086800000|  0%| F|  |TAMS 0x0000000086700000, 0x0000000086700000| Untracked 
| 104|0x0000000086800000, 0x0000000086800000, 0x0000000086900000|  0%| F|  |TAMS 0x0000000086800000, 0x0000000086800000| Untracked 
| 105|0x0000000086900000, 0x0000000086900000, 0x0000000086a00000|  0%| F|  |TAMS 0x0000000086900000, 0x0000000086900000| Untracked 
| 106|0x0000000086a00000, 0x0000000086a00000, 0x0000000086b00000|  0%| F|  |TAMS 0x0000000086a00000, 0x0000000086a00000| Untracked 
| 107|0x0000000086b00000, 0x0000000086b00000, 0x0000000086c00000|  0%| F|  |TAMS 0x0000000086b00000, 0x0000000086b00000| Untracked 
| 108|0x0000000086c00000, 0x0000000086c00000, 0x0000000086d00000|  0%| F|  |TAMS 0x0000000086c00000, 0x0000000086c00000| Untracked 
| 109|0x0000000086d00000, 0x0000000086d00000, 0x0000000086e00000|  0%| F|  |TAMS 0x0000000086d00000, 0x0000000086d00000| Untracked 
| 110|0x0000000086e00000, 0x0000000086e00000, 0x0000000086f00000|  0%| F|  |TAMS 0x0000000086e00000, 0x0000000086e00000| Untracked 
| 111|0x0000000086f00000, 0x0000000086f00000, 0x0000000087000000|  0%| F|  |TAMS 0x0000000086f00000, 0x0000000086f00000| Untracked 
| 112|0x0000000087000000, 0x0000000087000000, 0x0000000087100000|  0%| F|  |TAMS 0x0000000087000000, 0x0000000087000000| Untracked 
| 113|0x0000000087100000, 0x0000000087100000, 0x0000000087200000|  0%| F|  |TAMS 0x0000000087100000, 0x0000000087100000| Untracked 
| 114|0x0000000087200000, 0x0000000087200000, 0x0000000087300000|  0%| F|  |TAMS 0x0000000087200000, 0x0000000087200000| Untracked 
| 115|0x0000000087300000, 0x0000000087300000, 0x0000000087400000|  0%| F|  |TAMS 0x0000000087300000, 0x0000000087300000| Untracked 
| 116|0x0000000087400000, 0x0000000087400000, 0x0000000087500000|  0%| F|  |TAMS 0x0000000087400000, 0x0000000087400000| Untracked 
| 117|0x0000000087500000, 0x0000000087500000, 0x0000000087600000|  0%| F|  |TAMS 0x0000000087500000, 0x0000000087500000| Untracked 
| 118|0x0000000087600000, 0x0000000087600000, 0x0000000087700000|  0%| F|  |TAMS 0x0000000087600000, 0x0000000087600000| Untracked 
| 119|0x0000000087700000, 0x0000000087700000, 0x0000000087800000|  0%| F|  |TAMS 0x0000000087700000, 0x0000000087700000| Untracked 
| 120|0x0000000087800000, 0x0000000087800000, 0x0000000087900000|  0%| F|  |TAMS 0x0000000087800000, 0x0000000087800000| Untracked 
| 121|0x0000000087900000, 0x0000000087900000, 0x0000000087a00000|  0%| F|  |TAMS 0x0000000087900000, 0x0000000087900000| Untracked 
| 122|0x0000000087a00000, 0x0000000087a00000, 0x0000000087b00000|  0%| F|  |TAMS 0x0000000087a00000, 0x0000000087a00000| Untracked 
| 123|0x0000000087b00000, 0x0000000087b00000, 0x0000000087c00000|  0%| F|  |TAMS 0x0000000087b00000, 0x0000000087b00000| Untracked 
| 124|0x0000000087c00000, 0x0000000087c00000, 0x0000000087d00000|  0%| F|  |TAMS 0x0000000087c00000, 0x0000000087c00000| Untracked 
| 125|0x0000000087d00000, 0x0000000087d00000, 0x0000000087e00000|  0%| F|  |TAMS 0x0000000087d00000, 0x0000000087d00000| Untracked 
| 126|0x0000000087e00000, 0x0000000087e00000, 0x0000000087f00000|  0%| F|  |TAMS 0x0000000087e00000, 0x0000000087e00000| Untracked 
| 127|0x0000000087f00000, 0x0000000087f00000, 0x0000000088000000|  0%| F|  |TAMS 0x0000000087f00000, 0x0000000087f00000| Untracked 
| 128|0x0000000088000000, 0x00000000880a0440, 0x0000000088100000| 62%| S|CS|TAMS 0x0000000088000000, 0x0000000088000000| Complete 
| 129|0x0000000088100000, 0x0000000088200000, 0x0000000088200000|100%| S|CS|TAMS 0x0000000088100000, 0x0000000088100000| Complete 
| 130|0x0000000088200000, 0x0000000088200000, 0x0000000088300000|  0%| F|  |TAMS 0x0000000088200000, 0x0000000088200000| Untracked 
| 131|0x0000000088300000, 0x0000000088300000, 0x0000000088400000|  0%| F|  |TAMS 0x0000000088300000, 0x0000000088300000| Untracked 
| 132|0x0000000088400000, 0x0000000088400000, 0x0000000088500000|  0%| F|  |TAMS 0x0000000088400000, 0x0000000088400000| Untracked 
| 133|0x0000000088500000, 0x0000000088600000, 0x0000000088600000|100%| S|CS|TAMS 0x0000000088500000, 0x0000000088500000| Complete 
| 134|0x0000000088600000, 0x0000000088700000, 0x0000000088700000|100%| S|CS|TAMS 0x0000000088600000, 0x0000000088600000| Complete 
| 135|0x0000000088700000, 0x0000000088700000, 0x0000000088800000|  0%| F|  |TAMS 0x0000000088700000, 0x0000000088700000| Untracked 
| 136|0x0000000088800000, 0x0000000088800000, 0x0000000088900000|  0%| F|  |TAMS 0x0000000088800000, 0x0000000088800000| Untracked 
| 137|0x0000000088900000, 0x0000000088900000, 0x0000000088a00000|  0%| F|  |TAMS 0x0000000088900000, 0x0000000088900000| Untracked 
| 138|0x0000000088a00000, 0x0000000088a00000, 0x0000000088b00000|  0%| F|  |TAMS 0x0000000088a00000, 0x0000000088a00000| Untracked 
| 139|0x0000000088b00000, 0x0000000088b00000, 0x0000000088c00000|  0%| F|  |TAMS 0x0000000088b00000, 0x0000000088b00000| Untracked 
| 140|0x0000000088c00000, 0x0000000088c00000, 0x0000000088d00000|  0%| F|  |TAMS 0x0000000088c00000, 0x0000000088c00000| Untracked 
| 141|0x0000000088d00000, 0x0000000088d00000, 0x0000000088e00000|  0%| F|  |TAMS 0x0000000088d00000, 0x0000000088d00000| Untracked 
| 142|0x0000000088e00000, 0x0000000088e00000, 0x0000000088f00000|  0%| F|  |TAMS 0x0000000088e00000, 0x0000000088e00000| Untracked 
| 143|0x0000000088f00000, 0x0000000088f00000, 0x0000000089000000|  0%| F|  |TAMS 0x0000000088f00000, 0x0000000088f00000| Untracked 
| 144|0x0000000089000000, 0x0000000089000000, 0x0000000089100000|  0%| F|  |TAMS 0x0000000089000000, 0x0000000089000000| Untracked 
| 145|0x0000000089100000, 0x0000000089100000, 0x0000000089200000|  0%| F|  |TAMS 0x0000000089100000, 0x0000000089100000| Untracked 
| 146|0x0000000089200000, 0x0000000089200000, 0x0000000089300000|  0%| F|  |TAMS 0x0000000089200000, 0x0000000089200000| Untracked 
| 147|0x0000000089300000, 0x0000000089300000, 0x0000000089400000|  0%| F|  |TAMS 0x0000000089300000, 0x0000000089300000| Untracked 
| 148|0x0000000089400000, 0x0000000089400000, 0x0000000089500000|  0%| F|  |TAMS 0x0000000089400000, 0x0000000089400000| Untracked 
| 149|0x0000000089500000, 0x0000000089500000, 0x0000000089600000|  0%| F|  |TAMS 0x0000000089500000, 0x0000000089500000| Untracked 
| 150|0x0000000089600000, 0x0000000089600000, 0x0000000089700000|  0%| F|  |TAMS 0x0000000089600000, 0x0000000089600000| Untracked 
| 151|0x0000000089700000, 0x0000000089700000, 0x0000000089800000|  0%| F|  |TAMS 0x0000000089700000, 0x0000000089700000| Untracked 
| 152|0x0000000089800000, 0x0000000089800000, 0x0000000089900000|  0%| F|  |TAMS 0x0000000089800000, 0x0000000089800000| Untracked 
| 153|0x0000000089900000, 0x0000000089900000, 0x0000000089a00000|  0%| F|  |TAMS 0x0000000089900000, 0x0000000089900000| Untracked 
| 154|0x0000000089a00000, 0x0000000089a00000, 0x0000000089b00000|  0%| F|  |TAMS 0x0000000089a00000, 0x0000000089a00000| Untracked 
| 155|0x0000000089b00000, 0x0000000089b00000, 0x0000000089c00000|  0%| F|  |TAMS 0x0000000089b00000, 0x0000000089b00000| Untracked 
| 156|0x0000000089c00000, 0x0000000089c00000, 0x0000000089d00000|  0%| F|  |TAMS 0x0000000089c00000, 0x0000000089c00000| Untracked 
| 157|0x0000000089d00000, 0x0000000089d00000, 0x0000000089e00000|  0%| F|  |TAMS 0x0000000089d00000, 0x0000000089d00000| Untracked 
| 158|0x0000000089e00000, 0x0000000089e00000, 0x0000000089f00000|  0%| F|  |TAMS 0x0000000089e00000, 0x0000000089e00000| Untracked 
| 159|0x0000000089f00000, 0x0000000089f00000, 0x000000008a000000|  0%| F|  |TAMS 0x0000000089f00000, 0x0000000089f00000| Untracked 
| 160|0x000000008a000000, 0x000000008a000000, 0x000000008a100000|  0%| F|  |TAMS 0x000000008a000000, 0x000000008a000000| Untracked 
| 161|0x000000008a100000, 0x000000008a100000, 0x000000008a200000|  0%| F|  |TAMS 0x000000008a100000, 0x000000008a100000| Untracked 
| 162|0x000000008a200000, 0x000000008a200000, 0x000000008a300000|  0%| F|  |TAMS 0x000000008a200000, 0x000000008a200000| Untracked 
| 163|0x000000008a300000, 0x000000008a300000, 0x000000008a400000|  0%| F|  |TAMS 0x000000008a300000, 0x000000008a300000| Untracked 
| 164|0x000000008a400000, 0x000000008a400000, 0x000000008a500000|  0%| F|  |TAMS 0x000000008a400000, 0x000000008a400000| Untracked 
| 165|0x000000008a500000, 0x000000008a500000, 0x000000008a600000|  0%| F|  |TAMS 0x000000008a500000, 0x000000008a500000| Untracked 
| 166|0x000000008a600000, 0x000000008a680800, 0x000000008a700000| 50%| E|  |TAMS 0x000000008a600000, 0x000000008a600000| Complete 
| 167|0x000000008a700000, 0x000000008a800000, 0x000000008a800000|100%| E|CS|TAMS 0x000000008a700000, 0x000000008a700000| Complete 
| 168|0x000000008a800000, 0x000000008a900000, 0x000000008a900000|100%| E|CS|TAMS 0x000000008a800000, 0x000000008a800000| Complete 
| 169|0x000000008a900000, 0x000000008aa00000, 0x000000008aa00000|100%| E|CS|TAMS 0x000000008a900000, 0x000000008a900000| Complete 
| 170|0x000000008aa00000, 0x000000008ab00000, 0x000000008ab00000|100%| E|CS|TAMS 0x000000008aa00000, 0x000000008aa00000| Complete 
| 171|0x000000008ab00000, 0x000000008ac00000, 0x000000008ac00000|100%| E|CS|TAMS 0x000000008ab00000, 0x000000008ab00000| Complete 
| 172|0x000000008ac00000, 0x000000008ad00000, 0x000000008ad00000|100%| E|CS|TAMS 0x000000008ac00000, 0x000000008ac00000| Complete 
| 173|0x000000008ad00000, 0x000000008ae00000, 0x000000008ae00000|100%| E|CS|TAMS 0x000000008ad00000, 0x000000008ad00000| Complete 
| 174|0x000000008ae00000, 0x000000008af00000, 0x000000008af00000|100%| E|CS|TAMS 0x000000008ae00000, 0x000000008ae00000| Complete 
| 175|0x000000008af00000, 0x000000008b000000, 0x000000008b000000|100%| E|CS|TAMS 0x000000008af00000, 0x000000008af00000| Complete 
| 176|0x000000008b000000, 0x000000008b100000, 0x000000008b100000|100%| E|CS|TAMS 0x000000008b000000, 0x000000008b000000| Complete 
| 177|0x000000008b100000, 0x000000008b200000, 0x000000008b200000|100%| E|CS|TAMS 0x000000008b100000, 0x000000008b100000| Complete 
| 178|0x000000008b200000, 0x000000008b300000, 0x000000008b300000|100%| E|CS|TAMS 0x000000008b200000, 0x000000008b200000| Complete 
| 179|0x000000008b300000, 0x000000008b400000, 0x000000008b400000|100%| E|CS|TAMS 0x000000008b300000, 0x000000008b300000| Complete 
| 180|0x000000008b400000, 0x000000008b500000, 0x000000008b500000|100%| E|CS|TAMS 0x000000008b400000, 0x000000008b400000| Complete 
| 181|0x000000008b500000, 0x000000008b600000, 0x000000008b600000|100%| E|CS|TAMS 0x000000008b500000, 0x000000008b500000| Complete 
| 182|0x000000008b600000, 0x000000008b700000, 0x000000008b700000|100%| E|CS|TAMS 0x000000008b600000, 0x000000008b600000| Complete 
| 183|0x000000008b700000, 0x000000008b800000, 0x000000008b800000|100%| E|CS|TAMS 0x000000008b700000, 0x000000008b700000| Complete 
| 184|0x000000008b800000, 0x000000008b900000, 0x000000008b900000|100%| E|CS|TAMS 0x000000008b800000, 0x000000008b800000| Complete 

Card table byte_map: [0x0000010754c90000,0x0000010755090000] _byte_map_base: 0x0000010754890000

Marking Bits (Prev, Next): (CMBitMap*) 0x00000107421ef920, (CMBitMap*) 0x00000107421ef8e8
 Prev Bits: [0x0000010757490000, 0x0000010759490000)
 Next Bits: [0x0000010755490000, 0x0000010757490000)

Polling page: 0x000001073fec0000

Metaspace:

Usage:
  Non-class:     86.39 MB capacity,    84.87 MB ( 98%) used,     1.24 MB (  1%) free+waste,   290.50 KB ( <1%) overhead. 
      Class:     13.37 MB capacity,    12.50 MB ( 93%) used,   762.86 KB (  6%) free+waste,   127.56 KB ( <1%) overhead. 
       Both:     99.76 MB capacity,    97.37 MB ( 98%) used,     1.98 MB (  2%) free+waste,   418.06 KB ( <1%) overhead. 

Virtual space:
  Non-class space:       88.00 MB reserved,      86.50 MB ( 98%) committed 
      Class space:        1.00 GB reserved,      13.46 MB (  1%) committed 
             Both:        1.09 GB reserved,      99.96 MB (  9%) committed 

Chunk freelists:
   Non-Class:  47.00 KB
       Class:  34.00 KB
        Both:  81.00 KB

MaxMetaspaceSize: 17179869184.00 GB
CompressedClassSpaceSize: 1.00 GB

CodeHeap 'non-profiled nmethods': size=120064Kb used=7090Kb max_used=7090Kb free=112973Kb
 bounds [0x000001074d750000, 0x000001074de40000, 0x0000010754c90000]
CodeHeap 'profiled nmethods': size=120000Kb used=31685Kb max_used=31685Kb free=88314Kb
 bounds [0x0000010746220000, 0x0000010748120000, 0x000001074d750000]
CodeHeap 'non-nmethods': size=5696Kb used=2298Kb max_used=2343Kb free=3397Kb
 bounds [0x0000010745c90000, 0x0000010745f00000, 0x0000010746220000]
 total_blobs=14495 nmethods=13576 adapters=829
 compilation: enabled
              stopped_count=0, restarted_count=0
 full_count=0

Compilation events (20 events):
Event: 58.566 Thread 0x000001075b87f000 13675       2       com.android.tools.r8.internal.Me::b (80 bytes)
Event: 58.567 Thread 0x000001075b87f000 nmethod 13675 0x000001074810ae90 code [0x000001074810b0a0, 0x000001074810b428]
Event: 58.574 Thread 0x000001075b87f000 13676       2       com.android.tools.r8.internal.FB::f2 (32 bytes)
Event: 58.574 Thread 0x000001075b87f000 nmethod 13676 0x000001074810b690 code [0x000001074810b860, 0x000001074810b998]
Event: 58.575 Thread 0x000001075b87f000 13677       2       com.android.tools.r8.internal.i4::a (21 bytes)
Event: 58.575 Thread 0x000001075b87f000 nmethod 13677 0x000001074810ba90 code [0x000001074810bc60, 0x000001074810be18]
Event: 58.576 Thread 0x000001075b87f000 13678       2       com.android.tools.r8.internal.i4::a (29 bytes)
Event: 58.577 Thread 0x000001075b87f000 nmethod 13678 0x000001074810bf90 code [0x000001074810c1c0, 0x000001074810c628]
Event: 58.578 Thread 0x000001075b87f000 13679       2       com.android.tools.r8.internal.C8::a (8 bytes)
Event: 58.578 Thread 0x000001075b87f000 nmethod 13679 0x000001074810c990 code [0x000001074810cb60, 0x000001074810ccb8]
Event: 58.581 Thread 0x000001075b87f000 13680       2       com.android.tools.r8.internal.Nh::l (15 bytes)
Event: 58.581 Thread 0x000001075b87f000 nmethod 13680 0x000001074810ce10 code [0x000001074810cfc0, 0x000001074810d1c8]
Event: 58.587 Thread 0x000001075b87f000 13681       2       com.android.tools.r8.internal.Ur::b (63 bytes)
Event: 58.588 Thread 0x000001075b87f000 nmethod 13681 0x000001074810d290 code [0x000001074810d460, 0x000001074810d668]
Event: 58.588 Thread 0x000001075b87f000 13682       1       com.android.tools.r8.internal.aa::d (2 bytes)
Event: 58.589 Thread 0x000001075b87f000 nmethod 13682 0x000001074de3bc90 code [0x000001074de3be40, 0x000001074de3bef8]
Event: 58.589 Thread 0x000001075b87f000 13683       2       com.android.tools.r8.internal.pe::a (47 bytes)
Event: 58.589 Thread 0x000001075b87f000 nmethod 13683 0x000001074810d810 code [0x000001074810d9e0, 0x000001074810dc28]
Event: 58.600 Thread 0x000001075b87f000 13684       2       com.android.tools.r8.internal.C8::a (37 bytes)
Event: 58.600 Thread 0x000001075b87f000 nmethod 13684 0x000001074810dd90 code [0x000001074810df60, 0x000001074810e188]

GC Heap History (20 events):
Event: 39.874 GC heap before
{Heap before GC invocations=18 (full 0):
 garbage-first heap   total 189440K, used 136814K [0x0000000080000000, 0x0000000100000000)
  region size 1024K, 85 young (87040K), 10 survivors (10240K)
 Metaspace       used 80180K, capacity 82206K, committed 82304K, reserved 1120256K
  class space    used 10372K, capacity 11127K, committed 11136K, reserved 1048576K
}
Event: 39.911 GC heap after
{Heap after GC invocations=19 (full 0):
 garbage-first heap   total 189440K, used 66018K [0x0000000080000000, 0x0000000100000000)
  region size 1024K, 10 young (10240K), 10 survivors (10240K)
 Metaspace       used 80180K, capacity 82206K, committed 82304K, reserved 1120256K
  class space    used 10372K, capacity 11127K, committed 11136K, reserved 1048576K
}
Event: 43.291 GC heap before
{Heap before GC invocations=19 (full 0):
 garbage-first heap   total 189440K, used 161250K [0x0000000080000000, 0x0000000100000000)
  region size 1024K, 85 young (87040K), 10 survivors (10240K)
 Metaspace       used 83505K, capacity 85655K, committed 85760K, reserved 1124352K
  class space    used 10722K, capacity 11517K, committed 11520K, reserved 1048576K
}
Event: 43.321 GC heap after
{Heap after GC invocations=20 (full 0):
 garbage-first heap   total 189440K, used 67466K [0x0000000080000000, 0x0000000100000000)
  region size 1024K, 7 young (7168K), 7 survivors (7168K)
 Metaspace       used 83505K, capacity 85655K, committed 85760K, reserved 1124352K
  class space    used 10722K, capacity 11517K, committed 11520K, reserved 1048576K
}
Event: 47.798 GC heap before
{Heap before GC invocations=20 (full 0):
 garbage-first heap   total 189440K, used 144266K [0x0000000080000000, 0x0000000100000000)
  region size 1024K, 83 young (84992K), 7 survivors (7168K)
 Metaspace       used 88158K, capacity 90324K, committed 90496K, reserved 1128448K
  class space    used 11276K, capacity 12082K, committed 12160K, reserved 1048576K
}
Event: 47.825 GC heap after
{Heap after GC invocations=21 (full 0):
 garbage-first heap   total 189440K, used 70033K [0x0000000080000000, 0x0000000100000000)
  region size 1024K, 5 young (5120K), 5 survivors (5120K)
 Metaspace       used 88158K, capacity 90324K, committed 90496K, reserved 1128448K
  class space    used 11276K, capacity 12082K, committed 12160K, reserved 1048576K
}
Event: 50.774 GC heap before
{Heap before GC invocations=21 (full 0):
 garbage-first heap   total 189440K, used 147857K [0x0000000080000000, 0x0000000100000000)
  region size 1024K, 82 young (83968K), 5 survivors (5120K)
 Metaspace       used 89169K, capacity 91415K, committed 91648K, reserved 1128448K
  class space    used 11410K, capacity 12201K, committed 12288K, reserved 1048576K
}
Event: 50.804 GC heap after
{Heap after GC invocations=22 (full 0):
 garbage-first heap   total 189440K, used 79296K [0x0000000080000000, 0x0000000100000000)
  region size 1024K, 11 young (11264K), 11 survivors (11264K)
 Metaspace       used 89169K, capacity 91415K, committed 91648K, reserved 1128448K
  class space    used 11410K, capacity 12201K, committed 12288K, reserved 1048576K
}
Event: 52.755 GC heap before
{Heap before GC invocations=22 (full 0):
 garbage-first heap   total 189440K, used 149952K [0x0000000080000000, 0x0000000100000000)
  region size 1024K, 80 young (81920K), 11 survivors (11264K)
 Metaspace       used 93878K, capacity 96216K, committed 96384K, reserved 1132544K
  class space    used 12041K, capacity 12863K, committed 12928K, reserved 1048576K
}
Event: 52.804 GC heap after
{Heap after GC invocations=23 (full 0):
 garbage-first heap   total 189440K, used 86655K [0x0000000080000000, 0x0000000100000000)
  region size 1024K, 10 young (10240K), 10 survivors (10240K)
 Metaspace       used 93878K, capacity 96216K, committed 96384K, reserved 1132544K
  class space    used 12041K, capacity 12863K, committed 12928K, reserved 1048576K
}
Event: 53.373 GC heap before
{Heap before GC invocations=23 (full 0):
 garbage-first heap   total 189440K, used 150143K [0x0000000080000000, 0x0000000100000000)
  region size 1024K, 72 young (73728K), 10 survivors (10240K)
 Metaspace       used 94942K, capacity 97387K, committed 97664K, reserved 1134592K
  class space    used 12208K, capacity 13069K, committed 13184K, reserved 1048576K
}
Event: 53.437 GC heap after
{Heap after GC invocations=24 (full 0):
 garbage-first heap   total 189440K, used 95744K [0x0000000080000000, 0x0000000100000000)
  region size 1024K, 9 young (9216K), 9 survivors (9216K)
 Metaspace       used 94942K, capacity 97387K, committed 97664K, reserved 1134592K
  class space    used 12208K, capacity 13069K, committed 13184K, reserved 1048576K
}
Event: 54.573 GC heap before
{Heap before GC invocations=24 (full 0):
 garbage-first heap   total 189440K, used 132608K [0x0000000080000000, 0x0000000100000000)
  region size 1024K, 46 young (47104K), 9 survivors (9216K)
 Metaspace       used 98111K, capacity 100613K, committed 100696K, reserved 1136640K
  class space    used 12687K, capacity 13601K, committed 13656K, reserved 1048576K
}
Event: 54.612 GC heap after
{Heap after GC invocations=25 (full 0):
 garbage-first heap   total 189440K, used 99328K [0x0000000080000000, 0x0000000100000000)
  region size 1024K, 3 young (3072K), 3 survivors (3072K)
 Metaspace       used 98111K, capacity 100613K, committed 100696K, reserved 1136640K
  class space    used 12687K, capacity 13601K, committed 13656K, reserved 1048576K
}
Event: 56.644 GC heap before
{Heap before GC invocations=26 (full 0):
 garbage-first heap   total 189440K, used 145408K [0x0000000080000000, 0x0000000100000000)
  region size 1024K, 48 young (49152K), 3 survivors (3072K)
 Metaspace       used 99449K, capacity 101939K, committed 102104K, reserved 1138688K
  class space    used 12787K, capacity 13689K, committed 13784K, reserved 1048576K
}
Event: 56.664 GC heap after
{Heap after GC invocations=27 (full 0):
 garbage-first heap   total 189440K, used 99747K [0x0000000080000000, 0x0000000100000000)
  region size 1024K, 4 young (4096K), 4 survivors (4096K)
 Metaspace       used 99449K, capacity 101939K, committed 102104K, reserved 1138688K
  class space    used 12787K, capacity 13689K, committed 13784K, reserved 1048576K
}
Event: 57.445 GC heap before
{Heap before GC invocations=27 (full 0):
 garbage-first heap   total 189440K, used 147875K [0x0000000080000000, 0x0000000100000000)
  region size 1024K, 51 young (52224K), 4 survivors (4096K)
 Metaspace       used 99637K, capacity 102081K, committed 102360K, reserved 1138688K
  class space    used 12800K, capacity 13690K, committed 13784K, reserved 1048576K
}
Event: 57.459 GC heap after
{Heap after GC invocations=28 (full 0):
 garbage-first heap   total 189440K, used 99653K [0x0000000080000000, 0x0000000100000000)
  region size 1024K, 4 young (4096K), 4 survivors (4096K)
 Metaspace       used 99637K, capacity 102081K, committed 102360K, reserved 1138688K
  class space    used 12800K, capacity 13690K, committed 13784K, reserved 1048576K
}
Event: 58.535 GC heap before
{Heap before GC invocations=29 (full 0):
 garbage-first heap   total 189440K, used 149829K [0x0000000080000000, 0x0000000100000000)
  region size 1024K, 53 young (54272K), 4 survivors (4096K)
 Metaspace       used 99697K, capacity 102159K, committed 102360K, reserved 1138688K
  class space    used 12803K, capacity 13694K, committed 13784K, reserved 1048576K
}
Event: 58.556 GC heap after
{Heap after GC invocations=30 (full 0):
 garbage-first heap   total 189440K, used 99969K [0x0000000080000000, 0x0000000100000000)
  region size 1024K, 4 young (4096K), 4 survivors (4096K)
 Metaspace       used 99697K, capacity 102159K, committed 102360K, reserved 1138688K
  class space    used 12803K, capacity 13694K, committed 13784K, reserved 1048576K
}

Deoptimization events (20 events):
Event: 57.274 Thread 0x000001075d752800 DEOPT PACKING pc=0x000001074dddc958 sp=0x000000050b6f31d0
Event: 57.274 Thread 0x000001075d752800 DEOPT UNPACKING pc=0x0000010745cb6a29 sp=0x000000050b6f3160 mode 2
Event: 57.364 Thread 0x000001075d752800 Uncommon trap: trap_request=0xffffffde fr.pc=0x000001074ddaca94 relative=0x00000000000001b4
Event: 57.364 Thread 0x000001075d752800 Uncommon trap: reason=class_check action=maybe_recompile pc=0x000001074ddaca94 method=com.android.tools.r8.internal.XG.a(Lcom/android/tools/r8/internal/dG;)Lcom/android/tools/r8/internal/XG; @ 34 c2
Event: 57.364 Thread 0x000001075d752800 DEOPT PACKING pc=0x000001074ddaca94 sp=0x000000050b6f32b0
Event: 57.364 Thread 0x000001075d752800 DEOPT UNPACKING pc=0x0000010745cb6a29 sp=0x000000050b6f3180 mode 2
Event: 57.429 Thread 0x000001075d752800 Uncommon trap: trap_request=0xffffffc6 fr.pc=0x000001074de1fc30 relative=0x00000000000004d0
Event: 57.429 Thread 0x000001075d752800 Uncommon trap: reason=bimorphic_or_optimized_type_check action=maybe_recompile pc=0x000001074de1fc30 method=java.util.Spliterators$IteratorSpliterator.tryAdvance(Ljava/util/function/Consumer;)Z @ 68 c2
Event: 57.429 Thread 0x000001075d752800 DEOPT PACKING pc=0x000001074de1fc30 sp=0x000000050b6f3890
Event: 57.429 Thread 0x000001075d752800 DEOPT UNPACKING pc=0x0000010745cb6a29 sp=0x000000050b6f3848 mode 2
Event: 57.430 Thread 0x000001075d752800 Uncommon trap: trap_request=0xffffffc6 fr.pc=0x000001074de1fc30 relative=0x00000000000004d0
Event: 57.430 Thread 0x000001075d752800 Uncommon trap: reason=bimorphic_or_optimized_type_check action=maybe_recompile pc=0x000001074de1fc30 method=java.util.Spliterators$IteratorSpliterator.tryAdvance(Ljava/util/function/Consumer;)Z @ 68 c2
Event: 57.430 Thread 0x000001075d752800 DEOPT PACKING pc=0x000001074de1fc30 sp=0x000000050b6f3890
Event: 57.430 Thread 0x000001075d752800 DEOPT UNPACKING pc=0x0000010745cb6a29 sp=0x000000050b6f3848 mode 2
Event: 57.668 Thread 0x000001075d1a7000 DEOPT PACKING pc=0x0000010747c32953 sp=0x000000050c9f8bc0
Event: 57.668 Thread 0x000001075d1a7000 DEOPT UNPACKING pc=0x0000010745cb683f sp=0x000000050c9f8090 mode 0
Event: 58.136 Thread 0x000001075d752800 Uncommon trap: trap_request=0xffffff4d fr.pc=0x000001074ddec178 relative=0x0000000000000b38
Event: 58.136 Thread 0x000001075d752800 Uncommon trap: reason=unstable_if action=reinterpret pc=0x000001074ddec178 method=java.lang.Boolean.compare(ZZ)I @ 2 c2
Event: 58.136 Thread 0x000001075d752800 DEOPT PACKING pc=0x000001074ddec178 sp=0x000000050b6f34e0
Event: 58.136 Thread 0x000001075d752800 DEOPT UNPACKING pc=0x0000010745cb6a29 sp=0x000000050b6f33d0 mode 2

Classes redefined (0 events):
No events

Internal exceptions (20 events):
Event: 49.173 Thread 0x000001075d752800 Exception <a 'java/lang/NoSuchMethodError'{0x000000008a247e10}: 'int java.lang.invoke.DirectMethodHandle$Holder.invokeSpecial(java.lang.Object, java.lang.Object, java.lang.Object, java.lang.Object, java.lang.Object)'> (0x000000008a247e10) thrown at [./src/hotspot/share/interpreter/linkResolver.cpp, line 773]
Event: 49.323 Thread 0x000001075d752800 Implicit null exception at 0x000001074dcd18b4 to 0x000001074dcd23f0
Event: 50.673 Thread 0x000001075d752800 Exception <a 'sun/nio/fs/WindowsException'{0x0000000087defb68}> (0x0000000087defb68) thrown at [./src/hotspot/share/prims/jni.cpp, line 615]
Event: 50.820 Thread 0x000001075d1a7000 Exception <a 'sun/nio/fs/WindowsException'{0x000000008b42a238}> (0x000000008b42a238) thrown at [./src/hotspot/share/prims/jni.cpp, line 615]
Event: 51.295 Thread 0x000001075d752800 Exception <a 'java/lang/NoSuchMethodError'{0x000000008ad9b018}: 'java.lang.Object java.lang.invoke.DirectMethodHandle$Holder.invokeStatic(java.lang.Object, java.lang.Object, java.lang.Object, java.lang.Object, java.lang.Object, java.lang.Object, java.lang.Object, java.lang.Object, java.lang.Object, java.lang.Object, java.lang.Object, java.lang.Object, java.lang.Object, java.lang.Object, java.lang.Object, java.lang.Object, java.lang.Object, java.lang.Object, int, java.lang.Object)'> (0x000000008ad9b018) thr
Event: 51.295 Thread 0x000001075d752800 Exception <a 'java/lang/NoSuchMethodError'{0x000000008ada2090}: 'java.lang.Object java.lang.invoke.DirectMethodHandle$Holder.invokeStaticInit(java.lang.Object, java.lang.Object, java.lang.Object, java.lang.Object, java.lang.Object, java.lang.Object, java.lang.Object, java.lang.Object, java.lang.Object, java.lang.Object, java.lang.Object, java.lang.Object, java.lang.Object, java.lang.Object, java.lang.Object, java.lang.Object, java.lang.Object, java.lang.Object, int, java.lang.Object)'> (0x000000008ada2090)
Event: 51.471 Thread 0x000001075d752800 Exception <a 'java/lang/IncompatibleClassChangeError'{0x000000008ab06008}: Found class java.lang.Object, but interface was expected> (0x000000008ab06008) thrown at [./src/hotspot/share/interpreter/linkResolver.cpp, line 839]
Event: 51.471 Thread 0x000001075d1a7000 Exception <a 'java/lang/IncompatibleClassChangeError'{0x000000008ae9b408}: Found class java.lang.Object, but interface was expected> (0x000000008ae9b408) thrown at [./src/hotspot/share/interpreter/linkResolver.cpp, line 839]
Event: 51.564 Thread 0x000001075d752800 Exception <a 'java/lang/NoSuchMethodError'{0x000000008aac0af0}: 'java.lang.Object java.lang.invoke.DirectMethodHandle$Holder.invokeStatic(java.lang.Object, long)'> (0x000000008aac0af0) thrown at [./src/hotspot/share/interpreter/linkResolver.cpp, line 773]
Event: 52.011 Thread 0x000001075d752800 Exception <a 'java/lang/NoSuchMethodError'{0x0000000089cc7f98}: 'int java.lang.invoke.DirectMethodHandle$Holder.invokeVirtual(java.lang.Object, java.lang.Object, java.lang.Object, java.lang.Object)'> (0x0000000089cc7f98) thrown at [./src/hotspot/share/interpreter/linkResolver.cpp, line 773]
Event: 52.128 Thread 0x000001075d752800 Exception <a 'java/lang/NoSuchMethodError'{0x000000008964b178}: 'void java.lang.invoke.DirectMethodHandle$Holder.invokeStatic(java.lang.Object, java.lang.Object, java.lang.Object, int)'> (0x000000008964b178) thrown at [./src/hotspot/share/interpreter/linkResolver.cpp, line 773]
Event: 52.130 Thread 0x000001075d752800 Exception <a 'java/lang/IncompatibleClassChangeError'{0x0000000089658e80}: Found class java.lang.Object, but interface was expected> (0x0000000089658e80) thrown at [./src/hotspot/share/interpreter/linkResolver.cpp, line 839]
Event: 52.489 Thread 0x000001075d1a7000 Exception <a 'java/lang/NoSuchMethodError'{0x0000000087faec20}: 'int java.lang.invoke.DirectMethodHandle$Holder.invokeVirtual(java.lang.Object, java.lang.Object, java.lang.Object)'> (0x0000000087faec20) thrown at [./src/hotspot/share/interpreter/linkResolver.cpp, line 773]
Event: 53.211 Thread 0x000001075d752800 Exception <a 'java/lang/NoSuchMethodError'{0x0000000088d62818}: 'java.lang.Object java.lang.invoke.Invokers$Holder.linkToTargetMethod(java.lang.Object, java.lang.Object, java.lang.Object, java.lang.Object, java.lang.Object, java.lang.Object, java.lang.Object)'> (0x0000000088d62818) thrown at [./src/hotspot/share/interpreter/linkResolver.cpp, line 773]
Event: 53.510 Thread 0x000001075d752800 Exception <a 'java/lang/NoSuchMethodError'{0x000000008b170e28}: 'java.lang.Object java.lang.invoke.DirectMethodHandle$Holder.invokeVirtual(java.lang.Object, java.lang.Object, int, java.lang.Object)'> (0x000000008b170e28) thrown at [./src/hotspot/share/interpreter/linkResolver.cpp, line 773]
Event: 53.623 Thread 0x000001075d752800 Exception <a 'java/lang/NoSuchMethodError'{0x000000008a9030b0}: 'void java.lang.invoke.DirectMethodHandle$Holder.invokeVirtual(java.lang.Object, java.lang.Object, int, java.lang.Object)'> (0x000000008a9030b0) thrown at [./src/hotspot/share/interpreter/linkResolver.cpp, line 773]
Event: 53.646 Thread 0x000001075d1a7000 Exception <a 'java/lang/IncompatibleClassChangeError'{0x000000008a9dba10}: Found class java.lang.Object, but interface was expected> (0x000000008a9dba10) thrown at [./src/hotspot/share/interpreter/linkResolver.cpp, line 839]
Event: 53.647 Thread 0x000001075d1a7000 Exception <a 'java/lang/IncompatibleClassChangeError'{0x000000008a9e6320}: Found class java.lang.Object, but interface was expected> (0x000000008a9e6320) thrown at [./src/hotspot/share/interpreter/linkResolver.cpp, line 839]
Event: 53.733 Thread 0x000001075d1a7000 Exception <a 'java/lang/NoSuchMethodError'{0x000000008a536338}: 'java.lang.Object java.lang.invoke.DirectMethodHandle$Holder.newInvokeSpecial(java.lang.Object, int)'> (0x000000008a536338) thrown at [./src/hotspot/share/interpreter/linkResolver.cpp, line 773]
Event: 54.327 Thread 0x000001075d752800 Exception <a 'java/lang/NoSuchMethodError'{0x0000000089bb4108}: 'java.lang.Object java.lang.invoke.DirectMethodHandle$Holder.invokeInterface(java.lang.Object, java.lang.Object, int)'> (0x0000000089bb4108) thrown at [./src/hotspot/share/interpreter/linkResolver.cpp, line 773]

Events (20 events):
Event: 57.715 Executing VM operation: CGC_Operation
Event: 57.749 Executing VM operation: CGC_Operation done
Event: 57.887 Executing VM operation: CGC_Operation
Event: 57.888 Executing VM operation: CGC_Operation done
Event: 58.014 loading class com/android/tools/r8/internal/X$i$a
Event: 58.014 loading class com/android/tools/r8/internal/X$i$a done
Event: 58.114 loading class com/android/tools/r8/internal/m4
Event: 58.114 loading class com/android/tools/r8/internal/m4 done
Event: 58.133 loading class com/android/tools/r8/internal/X4
Event: 58.133 loading class com/android/tools/r8/internal/X4 done
Event: 58.134 loading class com/android/tools/r8/internal/t4
Event: 58.134 loading class com/android/tools/r8/internal/t4 done
Event: 58.134 loading class com/android/tools/r8/internal/t4
Event: 58.134 loading class com/android/tools/r8/internal/t4 done
Event: 58.134 loading class com/android/tools/r8/internal/t4
Event: 58.134 loading class com/android/tools/r8/internal/t4 done
Event: 58.134 loading class com/android/tools/r8/internal/t4
Event: 58.134 loading class com/android/tools/r8/internal/t4 done
Event: 58.533 Executing VM operation: G1CollectForAllocation
Event: 58.556 Executing VM operation: G1CollectForAllocation done


Dynamic libraries:
0x00007ff64c920000 - 0x00007ff64c92a000 	C:\Program Files\Android\Android Studio\jre\bin\java.exe
0x00007ff82dcc0000 - 0x00007ff82dead000 	C:\Windows\SYSTEM32\ntdll.dll
0x00007ff82b480000 - 0x00007ff82b533000 	C:\Windows\System32\KERNEL32.DLL
0x00007ff82ac50000 - 0x00007ff82aee3000 	C:\Windows\System32\KERNELBASE.dll
0x00007ff82ab50000 - 0x00007ff82ac4c000 	C:\Windows\System32\ucrtbase.dll
0x00007ff822ea0000 - 0x00007ff822eb9000 	C:\Program Files\Android\Android Studio\jre\bin\jli.dll
0x00007ff82d8c0000 - 0x00007ff82da57000 	C:\Windows\System32\USER32.dll
0x00007ff82ab30000 - 0x00007ff82ab50000 	C:\Windows\System32\win32u.dll
0x00007ff82b450000 - 0x00007ff82b479000 	C:\Windows\System32\GDI32.dll
0x00007ff82a870000 - 0x00007ff82aa0a000 	C:\Windows\System32\gdi32full.dll
0x00007ff82aa10000 - 0x00007ff82aab0000 	C:\Windows\System32\msvcp_win.dll
0x00007ff820370000 - 0x00007ff8205e9000 	C:\Windows\WinSxS\amd64_microsoft.windows.common-controls_6595b64144ccf1df_6.0.17763.107_none_05b63884071e656e\COMCTL32.dll
0x00007ff82da60000 - 0x00007ff82dafe000 	C:\Windows\System32\msvcrt.dll
0x00007ff82b0c0000 - 0x00007ff82b3ee000 	C:\Windows\System32\combase.dll
0x00007ff82d790000 - 0x00007ff82d8b3000 	C:\Windows\System32\RPCRT4.dll
0x00007ff82aab0000 - 0x00007ff82ab2e000 	C:\Windows\System32\bcryptPrimitives.dll
0x00007ff8225b0000 - 0x00007ff8225c7000 	C:\Program Files\Android\Android Studio\jre\bin\VCRUNTIME140.dll
0x00007ff82b990000 - 0x00007ff82b9be000 	C:\Windows\System32\IMM32.DLL
0x00007ff80bb50000 - 0x00007ff80bbed000 	C:\Program Files\Android\Android Studio\jre\bin\msvcp140.dll
0x00007fffd82a0000 - 0x00007fffd8d6f000 	C:\Program Files\Android\Android Studio\jre\bin\server\jvm.dll
0x00007ff82d030000 - 0x00007ff82d0d3000 	C:\Windows\System32\ADVAPI32.dll
0x00007ff82b540000 - 0x00007ff82b5de000 	C:\Windows\System32\sechost.dll
0x00007ff82dc80000 - 0x00007ff82dc88000 	C:\Windows\System32\PSAPI.DLL
0x00007ff8262c0000 - 0x00007ff8262c9000 	C:\Windows\SYSTEM32\WSOCK32.dll
0x00007ff827c00000 - 0x00007ff827c24000 	C:\Windows\SYSTEM32\WINMM.dll
0x00007ff82d710000 - 0x00007ff82d77d000 	C:\Windows\System32\WS2_32.dll
0x00007ff824660000 - 0x00007ff82466a000 	C:\Windows\SYSTEM32\VERSION.dll
0x00007ff827bd0000 - 0x00007ff827bfd000 	C:\Windows\SYSTEM32\WINMMBASE.dll
0x00007ff82a020000 - 0x00007ff82a06a000 	C:\Windows\System32\cfgmgr32.dll
0x00007ff829d70000 - 0x00007ff829d81000 	C:\Windows\System32\kernel.appcore.dll
0x00007ff8227f0000 - 0x00007ff822801000 	C:\Program Files\Android\Android Studio\jre\bin\verify.dll
0x00007ff828a90000 - 0x00007ff828c7d000 	C:\Windows\SYSTEM32\DBGHELP.DLL
0x00007ff811f50000 - 0x00007ff811f7a000 	C:\Windows\SYSTEM32\dbgcore.DLL
0x00007ff80dd90000 - 0x00007ff80ddb9000 	C:\Program Files\Android\Android Studio\jre\bin\java.dll
0x00007ff8227e0000 - 0x00007ff8227eb000 	C:\Program Files\Android\Android Studio\jre\bin\jimage.dll
0x00007ff81e430000 - 0x00007ff81e448000 	C:\Program Files\Android\Android Studio\jre\bin\zip.dll
0x00007ff82bb40000 - 0x00007ff82d02f000 	C:\Windows\System32\SHELL32.dll
0x00007ff82db60000 - 0x00007ff82dc08000 	C:\Windows\System32\shcore.dll
0x00007ff82a070000 - 0x00007ff82a7b8000 	C:\Windows\System32\windows.storage.dll
0x00007ff829d20000 - 0x00007ff829d44000 	C:\Windows\System32\profapi.dll
0x00007ff829cc0000 - 0x00007ff829d1d000 	C:\Windows\System32\powrprof.dll
0x00007ff82db00000 - 0x00007ff82db52000 	C:\Windows\System32\shlwapi.dll
0x00007ff829fd0000 - 0x00007ff829fe7000 	C:\Windows\System32\cryptsp.dll
0x00007ff81ae50000 - 0x00007ff81ae6a000 	C:\Program Files\Android\Android Studio\jre\bin\net.dll
0x00007ff820c60000 - 0x00007ff820d51000 	C:\Windows\SYSTEM32\WINHTTP.dll
0x00007ff829550000 - 0x00007ff8295b7000 	C:\Windows\system32\mswsock.dll
0x00007ff812f50000 - 0x00007ff812f64000 	C:\Program Files\Android\Android Studio\jre\bin\nio.dll
0x00007ff81e460000 - 0x00007ff81e487000 	C:\Users\admin\.gradle\native\8bec1ad78214c89d9ad589b4d07fe93259594b29d510b10fafb7a158f7737e5d\windows-amd64\native-platform.dll
0x00007ff819160000 - 0x00007ff81929d000 	C:\Users\admin\.gradle\native\53dbd7edfb1c66fb8903c78663c9afc45aea4f116125fa6feffd364cf09443e8\windows-amd64\native-platform-file-events.dll
0x00007ff820620000 - 0x00007ff82062a000 	C:\Program Files\Android\Android Studio\jre\bin\management.dll
0x00007ff820350000 - 0x00007ff82035c000 	C:\Program Files\Android\Android Studio\jre\bin\management_ext.dll
0x00007ff829110000 - 0x00007ff829143000 	C:\Windows\system32\rsaenh.dll
0x00007ff829ff0000 - 0x00007ff82a016000 	C:\Windows\System32\bcrypt.dll
0x00007ff829bc0000 - 0x00007ff829be8000 	C:\Windows\SYSTEM32\USERENV.dll
0x00007ff829720000 - 0x00007ff82972c000 	C:\Windows\SYSTEM32\CRYPTBASE.dll
0x00007ff8292b0000 - 0x00007ff8292ed000 	C:\Windows\SYSTEM32\IPHLPAPI.DLL
0x00007ff82d780000 - 0x00007ff82d788000 	C:\Windows\System32\NSI.dll
0x00007ff821390000 - 0x00007ff8213a6000 	C:\Windows\SYSTEM32\dhcpcsvc6.DLL
0x00007ff821340000 - 0x00007ff82135c000 	C:\Windows\SYSTEM32\dhcpcsvc.DLL
0x00007ff829300000 - 0x00007ff8293c6000 	C:\Windows\SYSTEM32\DNSAPI.dll

dbghelp: loaded successfully - version: 4.0.5 - missing functions: none
symbol engine: initialized successfully - sym options: 0x614 - pdb path: .;C:\Program Files\Android\Android Studio\jre\bin;C:\Windows\SYSTEM32;C:\Windows\WinSxS\amd64_microsoft.windows.common-controls_6595b64144ccf1df_6.0.17763.107_none_05b63884071e656e;C:\Program Files\Android\Android Studio\jre\bin\server;C:\Users\admin\.gradle\native\8bec1ad78214c89d9ad589b4d07fe93259594b29d510b10fafb7a158f7737e5d\windows-amd64;C:\Users\admin\.gradle\native\53dbd7edfb1c66fb8903c78663c9afc45aea4f116125fa6feffd364cf09443e8\windows-amd64

VM Arguments:
jvm_args: --add-opens=java.base/java.util=ALL-UNNAMED --add-opens=java.base/java.lang=ALL-UNNAMED --add-opens=java.base/java.lang.invoke=ALL-UNNAMED --add-opens=java.base/java.util=ALL-UNNAMED --add-opens=java.prefs/java.util.prefs=ALL-UNNAMED --add-opens=java.prefs/java.util.prefs=ALL-UNNAMED --add-opens=java.base/java.nio.charset=ALL-UNNAMED --add-opens=java.base/java.net=ALL-UNNAMED --add-opens=java.base/java.util.concurrent.atomic=ALL-UNNAMED -Xmx2048m -Dfile.encoding=UTF-8 -Duser.country=RU -Duser.language=ru -Duser.variant 
java_command: org.gradle.launcher.daemon.bootstrap.GradleDaemon 7.0.2
java_class_path (initial): C:\Users\admin\.gradle\wrapper\dists\gradle-7.0.2-bin\857tjihv64xamwrf0h14cai3r\gradle-7.0.2\lib\gradle-launcher-7.0.2.jar
Launcher Type: SUN_STANDARD

[Global flags]
     intx CICompilerCount                          = 2                                         {product} {ergonomic}
     uint ConcGCThreads                            = 1                                         {product} {ergonomic}
     uint G1ConcRefinementThreads                  = 2                                         {product} {ergonomic}
   size_t G1HeapRegionSize                         = 1048576                                   {product} {ergonomic}
    uintx GCDrainStackTargetSize                   = 64                                        {product} {ergonomic}
   size_t InitialHeapSize                          = 134217728                                 {product} {ergonomic}
   size_t MarkStackSize                            = 4194304                                   {product} {ergonomic}
   size_t MaxHeapSize                              = 2147483648                                {product} {command line}
   size_t MaxNewSize                               = 1287651328                                {product} {ergonomic}
   size_t MinHeapDeltaBytes                        = 1048576                                   {product} {ergonomic}
    uintx NonNMethodCodeHeapSize                   = 5825164                                {pd product} {ergonomic}
    uintx NonProfiledCodeHeapSize                  = 122916538                              {pd product} {ergonomic}
    uintx ProfiledCodeHeapSize                     = 122916538                              {pd product} {ergonomic}
    uintx ReservedCodeCacheSize                    = 251658240                              {pd product} {ergonomic}
     bool SegmentedCodeCache                       = true                                      {product} {ergonomic}
     bool UseCompressedClassPointers               = true                                 {lp64_product} {ergonomic}
     bool UseCompressedOops                        = true                                 {lp64_product} {ergonomic}
     bool UseG1GC                                  = true                                      {product} {ergonomic}
     bool UseLargePagesIndividualAllocation        = false                                  {pd product} {ergonomic}

Logging:
Log output configuration:
 #0: stdout all=warning uptime,level,tags
 #1: stderr all=off uptime,level,tags

Environment Variables:
PATH=C:\Program Files\PlasticSCM5\server;C:\Program Files\PlasticSCM5\client;C:\Program Files\Eclipse Adoptium\jdk-17.0.1.12-hotspot\bin;C:\Program Files (x86)\Common Files\Oracle\Java\javapath;C:\Windows\system32;C:\Windows;C:\Windows\System32\Wbem;C:\Windows\System32\WindowsPowerShell\v1.0\;C:\Windows\System32\OpenSSH\;C:\Program Files\dotnet\;C:\Program Files (x86)\Windows Kits\10\Windows Performance Toolkit\;C:\Program Files\PuTTY\;C:\Program Files (x86)\NVIDIA Corporation\PhysX\Common;C:\Program Files\Git\cmd;C:\Users\admin\AppData\Local\Programs\Python\Python38\Scripts\;C:\Users\admin\AppData\Local\Programs\Python\Python38\;C:\Users\admin\AppData\Local\Programs\Python\Python311\Scripts\;C:\Users\admin\AppData\Local\Programs\Python\Python311\;C:\Users\admin\AppData\Local\Microsoft\WindowsApps;;C:\Program Files\JetBrains\IntelliJ IDEA Community Edition 2022.2\bin;;C:\Program Files\JetBrains\JetBrains Rider 2022.2.3\bin;;E:\Microsoft VS Code\bin;C:\Users\admin\.dotnet\tools;E:\PyCharm 2022.2.3\bin;;C:\Users\admin\.fly\bin;C:\Users\admin\.dotnet\tools
USERNAME=admin
OS=Windows_NT
PROCESSOR_IDENTIFIER=AMD64 Family 16 Model 6 Stepping 2, AuthenticAMD



---------------  S Y S T E M  ---------------

OS: Windows 10 , 64 bit Build 17763 (10.0.17763.1)
OS uptime: 1 days 1:58 hours

CPU:total 2 (initial active 2) (2 cores per cpu, 1 threads per core) family 16 model 6 stepping 2 microcode 0x0, cmov, cx8, fxsr, mmx, sse, sse2, sse3, popcnt, mmxext, 3dnowpref, lzcnt, sse4a, tsc, tscinvbit, tscinv

Memory: 4k page, system-wide physical 8189M (978M free)
TotalPageFile size 8989M (AvailPageFile size 3M)
current process WorkingSet (physical memory assigned to process): 499M, peak: 499M
current process commit charge ("private bytes"): 541M, peak: 541M

vm_info: OpenJDK 64-Bit Server VM (11.0.10+0-b96-7249189) for windows-amd64 JRE (11.0.10+0-b96-7249189), built on Mar 31 2021 21:44:00 by "builder" with MS VC++ 14.0 (VS2015)

END.
